This file contains any messages produced by compilers while
running configure, to aid debugging if configure makes a mistake.

It was created by configure, which was
generated by GNU Autoconf 2.69.  Invocation command line was

  $ ../../configure --build=x86_64-linux-gnu --prefix=/usr --includedir=${prefix}/include --mandir=${prefix}/share/man --infodir=${prefix}/share/info --sysconfdir=/etc --localstatedir=/var --disable-silent-rules --libdir=${prefix}/lib/x86_64-linux-gnu --libexecdir=${prefix}/lib/x86_64-linux-gnu --runstatedir=/run --disable-maintainer-mode --disable-dependency-tracking --disable-silent-rules --with-history --cache-file=/home/richard/debs/misc/libxml2/libxml2-2.9.8/builddir/config.cache --with-python=/usr/bin/python2.7 --with-python-install-dir=/usr/lib/python2.7/dist-packages

## --------- ##
## Platform. ##
## --------- ##

hostname = server
uname -m = x86_64
uname -r = 4.18.0-2-amd64
uname -s = Linux
uname -v = #1 SMP Debian 4.18.10-2 (2018-11-02)

/usr/bin/uname -p = unknown
/bin/uname -X     = unknown

/bin/arch              = unknown
/usr/bin/arch -k       = unknown
/usr/convex/getsysinfo = unknown
/usr/bin/hostinfo      = unknown
/bin/machine           = unknown
/usr/bin/oslevel       = unknown
/bin/universe          = unknown

PATH: /opt/intel/compilers_and_libraries/linux/pkg_bin/intel64
PATH: /opt/intel/parallel_studio_xe_2019/bin
PATH: /usr/sbin
PATH: /usr/bin
PATH: /sbin
PATH: /bin
PATH: /usr/bin/X11


## ----------- ##
## Core tests. ##
## ----------- ##

configure:2434: loading cache /home/richard/debs/misc/libxml2/libxml2-2.9.8/builddir/config.cache
configure:2519: checking whether to enable maintainer-specific portions of Makefiles
configure:2528: result: no
configure:2575: checking build system type
configure:2589: result: x86_64-pc-linux-gnu
configure:2609: checking host system type
configure:2622: result: x86_64-pc-linux-gnu
configure:2702: checking for a BSD-compatible install
configure:2770: result: /usr/bin/install -c
configure:2781: checking whether build environment is sane
configure:2836: result: yes
configure:2987: checking for a thread-safe mkdir -p
configure:3026: result: /bin/mkdir -p
configure:3033: checking for gawk
configure:3060: result: mawk
configure:3071: checking whether make sets $(MAKE)
configure:3093: result: yes
configure:3122: checking whether make supports nested variables
configure:3139: result: yes
configure:3281: checking whether make supports nested variables
configure:3298: result: yes
configure:3358: checking for gcc
configure:3385: result: icc
configure:3614: checking for C compiler version
configure:3623: icc --version >&5
icc (ICC) 19.0.1.144 20181018
Copyright (C) 1985-2018 Intel Corporation.  All rights reserved.

configure:3634: $? = 0
configure:3623: icc -v >&5
icc version 19.0.1.144 (gcc version 8.2.0 compatibility)
icc: warning #10013: no objects specified for multi-file optimization
icc: warning #10237: -lcilkrts linked in dynamically, static library not available
ld.gold    /usr/lib/gcc/x86_64-linux-gnu/8/../../../x86_64-linux-gnu/Scrt1.o /usr/lib/gcc/x86_64-linux-gnu/8/../../../x86_64-linux-gnu/crti.o /usr/lib/gcc/x86_64-linux-gnu/8/crtbeginS.o --eh-frame-hdr --build-id -dynamic-linker /lib64/ld-linux-x86-64.so.2 -m elf_x86_64 -o a.out -L/opt/intel/tbb/lib/intel64/gcc4.7 -L/opt/intel/compilers_and_libraries_2019.1.144/linux/compiler/lib/intel64_lin -L/usr/lib/gcc/x86_64-linux-gnu/8/ -L/usr/lib/gcc/x86_64-linux-gnu/8/../../../x86_64-linux-gnu/ -L/usr/lib/gcc/x86_64-linux-gnu/8/../../../../lib/ -L/lib/x86_64-linux-gnu/ -L/lib/../lib64 -L/lib/../lib/ -L/usr/lib/x86_64-linux-gnu/ -L/usr/lib/../lib/ -L/opt/intel/tbb/lib/intel64/gcc4.7/ -L/usr/lib/gcc/x86_64-linux-gnu/8/../../../ -L/lib64 -L/lib/ -L/usr/lib --as-needed --gc-sections --relax --stats -Bdynamic -Bstatic -limf -lsvml -lirng -lmatmul -Bdynamic -lm -Bstatic -lipgo -ldecimal -Bdynamic -liomp5 --as-needed -lcilkrts -lstdc++ --no-as-needed -lgcc -lgcc_s -Bstatic -lirc -Bdynamic -lpthread -Bstatic -lsvml -Bdynamic -lc -lgcc -lgcc_s -Bstatic -lirc_s -Bdynamic -ldl -lc /usr/lib/gcc/x86_64-linux-gnu/8/crtendS.o /usr/lib/gcc/x86_64-linux-gnu/8/../../../x86_64-linux-gnu/crtn.o
/usr/lib/gcc/x86_64-linux-gnu/8/../../../x86_64-linux-gnu/Scrt1.o:function _start: error: undefined reference to 'main'
ld.gold: initial tasks run time: (user: 0.030000 sys: 0.030000 wall: 0.070000)
ld.gold: middle tasks run time: (user: 0.010000 sys: 0.000000 wall: 0.000000)
ld.gold: final tasks run time: (user: 0.000000 sys: 0.000000 wall: 0.000000)
ld.gold: total run time: (user: 0.040000 sys: 0.030000 wall: 0.070000)
ld.gold: total space allocated by malloc: 6033408 bytes
... rest of stderr output deleted ...
configure:3634: $? = 1
configure:3623: icc -V >&5
GNU gold (GNU Binutils for Debian 2.31.1) 1.16
Intel(R) C Intel(R) 64 Compiler for applications running on Intel(R) 64, Version 19.0.1.144 Build 20181018
Copyright (C) 1985-2018 Intel Corporation.  All rights reserved.

icc: warning #10013: no objects specified for multi-file optimization
icc: warning #10237: -lcilkrts linked in dynamically, static library not available
/usr/lib/gcc/x86_64-linux-gnu/8/../../../x86_64-linux-gnu/Scrt1.o:function _start: error: undefined reference to 'main'
ld.gold: initial tasks run time: (user: 0.050000 sys: 0.010000 wall: 0.070000)
ld.gold: middle tasks run time: (user: 0.000000 sys: 0.000000 wall: 0.000000)
ld.gold: final tasks run time: (user: 0.000000 sys: 0.000000 wall: 0.010000)
ld.gold: total run time: (user: 0.050000 sys: 0.010000 wall: 0.080000)
... rest of stderr output deleted ...
configure:3634: $? = 1
configure:3623: icc -qversion >&5
icc: warning #10013: no objects specified for multi-file optimization
icc: warning #10237: -lcilkrts linked in dynamically, static library not available
/usr/lib/gcc/x86_64-linux-gnu/8/../../../x86_64-linux-gnu/Scrt1.o:function _start: error: undefined reference to 'main'
ld.gold: initial tasks run time: (user: 0.050000 sys: 0.010000 wall: 0.070000)
ld.gold: middle tasks run time: (user: 0.000000 sys: 0.000000 wall: 0.000000)
ld.gold: final tasks run time: (user: 0.000000 sys: 0.000000 wall: 0.000000)
ld.gold: total run time: (user: 0.050000 sys: 0.010000 wall: 0.070000)
ld.gold: total space allocated by malloc: 6033408 bytes
ld.gold: total bytes mapped for read: 153912279
ld.gold: maximum bytes mapped for read at one time: 153912279
... rest of stderr output deleted ...
configure:3634: $? = 1
configure:3654: checking whether the C compiler works
configure:3676: icc -g -O2 -fdebug-prefix-map=/home/richard/debs/misc/libxml2/libxml2-2.9.8=. -fstack-protector-strong -Wformat -Werror=format-security -march=native -pipe -Wall -O3 -Wdate-time -D_FORTIFY_SOURCE=2 -Wl,-z,relro -Wl,-z,now -Wl,--as-needed,--gc-sections,--stats -Wl,--as-needed conftest.c  >&5
icc: warning #10237: -lcilkrts linked in dynamically, static library not available
ld.gold: initial tasks run time: (user: 0.050000 sys: 0.020000 wall: 0.060000)
ld.gold: middle tasks run time: (user: 0.000000 sys: 0.000000 wall: 0.010000)
ld.gold: final tasks run time: (user: 0.000000 sys: 0.000000 wall: 0.000000)
ld.gold: total run time: (user: 0.050000 sys: 0.020000 wall: 0.070000)
ld.gold: total space allocated by malloc: 6103040 bytes
ld.gold: total bytes mapped for read: 153917239
ld.gold: maximum bytes mapped for read at one time: 153917239
ld.gold: archive libraries: 18
ld.gold: total archive members: 34124
ld.gold: loaded archive members: 6
ld.gold: lib groups: 0
ld.gold: total lib groups members: 0
ld.gold: loaded lib groups members: 0
ld.gold: output file size: 23624 bytes
ld.gold: symbol table entries: 20823; buckets: 28411
ld.gold: symbol table stringpool entries: 10366; buckets: 28411
ld.gold: symbol table stringpool Stringdata structures: 355
ld.gold: section name pool entries: 37; buckets: 79
ld.gold: section name pool Stringdata structures: 1
ld.gold: output symbol name pool entries: 76; buckets: 97
ld.gold: output symbol name pool Stringdata structures: 1
ld.gold: dynamic name pool entries: 30; buckets: 97
ld.gold: dynamic name pool Stringdata structures: 1
ld.gold: .comment merged strings input bytes: 58
ld.gold: .comment merged strings input strings: 2
ld.gold: .comment merged strings entries: 2; buckets: 3
ld.gold: .comment merged strings Stringdata structures: 1
ld.gold: .debug_str merged strings input bytes: 809
ld.gold: .debug_str merged strings input strings: 5
ld.gold: .debug_str merged strings entries: 5; buckets: 7
ld.gold: .debug_str merged strings Stringdata structures: 1
ld.gold: .rodata merged strings input bytes: 1948
ld.gold: .rodata merged strings input strings: 105
ld.gold: .rodata merged strings entries: 106; buckets: 167
ld.gold: .rodata merged strings Stringdata structures: 2
ld.gold: .rodata merged strings input bytes: 1760
ld.gold: .rodata merged strings input strings: 15
ld.gold: .rodata merged strings entries: 16; buckets: 17
ld.gold: .rodata merged strings Stringdata structures: 2
ld.gold: total free lists: 0
ld.gold: total free list nodes: 0
ld.gold: calls to Free_list::remove: 0
ld.gold: nodes visited: 0
ld.gold: calls to Free_list::allocate: 0
ld.gold: nodes visited: 0
configure:3680: $? = 0
configure:3728: result: yes
configure:3731: checking for C compiler default output file name
configure:3733: result: a.out
configure:3739: checking for suffix of executables
configure:3746: icc -o conftest -g -O2 -fdebug-prefix-map=/home/richard/debs/misc/libxml2/libxml2-2.9.8=. -fstack-protector-strong -Wformat -Werror=format-security -march=native -pipe -Wall -O3 -Wdate-time -D_FORTIFY_SOURCE=2 -Wl,-z,relro -Wl,-z,now -Wl,--as-needed,--gc-sections,--stats -Wl,--as-needed conftest.c  >&5
icc: warning #10237: -lcilkrts linked in dynamically, static library not available
ld.gold: initial tasks run time: (user: 0.050000 sys: 0.010000 wall: 0.070000)
ld.gold: middle tasks run time: (user: 0.000000 sys: 0.000000 wall: 0.000000)
ld.gold: final tasks run time: (user: 0.010000 sys: 0.000000 wall: 0.010000)
ld.gold: total run time: (user: 0.060000 sys: 0.010000 wall: 0.080000)
ld.gold: total space allocated by malloc: 6103040 bytes
ld.gold: total bytes mapped for read: 153917255
ld.gold: maximum bytes mapped for read at one time: 153917255
ld.gold: archive libraries: 18
ld.gold: total archive members: 34124
ld.gold: loaded archive members: 6
ld.gold: lib groups: 0
ld.gold: total lib groups members: 0
ld.gold: loaded lib groups members: 0
ld.gold: output file size: 23632 bytes
ld.gold: symbol table entries: 20823; buckets: 28411
ld.gold: symbol table stringpool entries: 10366; buckets: 28411
ld.gold: symbol table stringpool Stringdata structures: 355
ld.gold: section name pool entries: 37; buckets: 79
ld.gold: section name pool Stringdata structures: 1
ld.gold: output symbol name pool entries: 76; buckets: 97
ld.gold: output symbol name pool Stringdata structures: 1
ld.gold: dynamic name pool entries: 30; buckets: 97
ld.gold: dynamic name pool Stringdata structures: 1
ld.gold: .comment merged strings input bytes: 58
ld.gold: .comment merged strings input strings: 2
ld.gold: .comment merged strings entries: 2; buckets: 3
ld.gold: .comment merged strings Stringdata structures: 1
ld.gold: .debug_str merged strings input bytes: 821
ld.gold: .debug_str merged strings input strings: 5
ld.gold: .debug_str merged strings entries: 5; buckets: 7
ld.gold: .debug_str merged strings Stringdata structures: 1
ld.gold: .rodata merged strings input bytes: 1948
ld.gold: .rodata merged strings input strings: 105
ld.gold: .rodata merged strings entries: 106; buckets: 167
ld.gold: .rodata merged strings Stringdata structures: 2
ld.gold: .rodata merged strings input bytes: 1760
ld.gold: .rodata merged strings input strings: 15
ld.gold: .rodata merged strings entries: 16; buckets: 17
ld.gold: .rodata merged strings Stringdata structures: 2
ld.gold: total free lists: 0
ld.gold: total free list nodes: 0
ld.gold: calls to Free_list::remove: 0
ld.gold: nodes visited: 0
ld.gold: calls to Free_list::allocate: 0
ld.gold: nodes visited: 0
configure:3750: $? = 0
configure:3772: result: 
configure:3794: checking whether we are cross compiling
configure:3802: icc -o conftest -g -O2 -fdebug-prefix-map=/home/richard/debs/misc/libxml2/libxml2-2.9.8=. -fstack-protector-strong -Wformat -Werror=format-security -march=native -pipe -Wall -O3 -Wdate-time -D_FORTIFY_SOURCE=2 -Wl,-z,relro -Wl,-z,now -Wl,--as-needed,--gc-sections,--stats -Wl,--as-needed conftest.c  >&5
icc: warning #10237: -lcilkrts linked in dynamically, static library not available
ld.gold: initial tasks run time: (user: 0.050000 sys: 0.010000 wall: 0.070000)
ld.gold: middle tasks run time: (user: 0.000000 sys: 0.000000 wall: 0.000000)
ld.gold: final tasks run time: (user: 0.010000 sys: 0.000000 wall: 0.000000)
ld.gold: total run time: (user: 0.060000 sys: 0.010000 wall: 0.070000)
ld.gold: total space allocated by malloc: 6103040 bytes
ld.gold: total bytes mapped for read: 153920103
ld.gold: maximum bytes mapped for read at one time: 153920103
ld.gold: archive libraries: 18
ld.gold: total archive members: 34124
ld.gold: loaded archive members: 6
ld.gold: lib groups: 0
ld.gold: total lib groups members: 0
ld.gold: loaded lib groups members: 0
ld.gold: output file size: 25096 bytes
ld.gold: symbol table entries: 20823; buckets: 28411
ld.gold: symbol table stringpool entries: 10366; buckets: 28411
ld.gold: symbol table stringpool Stringdata structures: 355
ld.gold: section name pool entries: 37; buckets: 79
ld.gold: section name pool Stringdata structures: 1
ld.gold: output symbol name pool entries: 79; buckets: 97
ld.gold: output symbol name pool Stringdata structures: 1
ld.gold: dynamic name pool entries: 33; buckets: 97
ld.gold: dynamic name pool Stringdata structures: 1
ld.gold: .comment merged strings input bytes: 58
ld.gold: .comment merged strings input strings: 2
ld.gold: .comment merged strings entries: 2; buckets: 3
ld.gold: .comment merged strings Stringdata structures: 1
ld.gold: .rodata merged strings input bytes: 1968
ld.gold: .rodata merged strings input strings: 107
ld.gold: .rodata merged strings entries: 108; buckets: 167
ld.gold: .rodata merged strings Stringdata structures: 2
ld.gold: .rodata merged strings input bytes: 1760
ld.gold: .rodata merged strings input strings: 15
ld.gold: .rodata merged strings entries: 16; buckets: 17
ld.gold: .rodata merged strings Stringdata structures: 2
ld.gold: .debug_str merged strings input bytes: 1238
ld.gold: .debug_str merged strings input strings: 48
ld.gold: .debug_str merged strings entries: 48; buckets: 79
ld.gold: .debug_str merged strings Stringdata structures: 2
ld.gold: total free lists: 0
ld.gold: total free list nodes: 0
ld.gold: calls to Free_list::remove: 0
ld.gold: nodes visited: 0
ld.gold: calls to Free_list::allocate: 0
ld.gold: nodes visited: 0
configure:3806: $? = 0
configure:3813: ./conftest
configure:3817: $? = 0
configure:3832: result: no
configure:3837: checking for suffix of object files
configure:3884: result: o
configure:3888: checking whether we are using the GNU C compiler
configure:3916: result: yes
configure:3925: checking whether icc accepts -g
configure:3986: result: yes
configure:4003: checking for icc option to accept ISO C89
configure:4079: result: none needed
configure:4104: checking whether icc understands -c and -o together
configure:4141: result: yes
configure:4161: checking whether make supports the include directive
configure:4176: make -f confmf.GNU && cat confinc.out
make[2]: Entering directory '/home/richard/debs/misc/libxml2/libxml2-2.9.8/builddir/python2.7-dbg'
make[2]: Leaving directory '/home/richard/debs/misc/libxml2/libxml2-2.9.8/builddir/python2.7-dbg'
this is the am__doit target
configure:4179: $? = 0
configure:4198: result: yes (GNU style)
configure:4223: checking dependency style of icc
configure:4334: result: none
configure:4350: checking whether ln -s works
configure:4354: result: yes
configure:4367: checking how to run the C preprocessor
configure:4437: result: icc -E
configure:4457: icc -E -Wdate-time -D_FORTIFY_SOURCE=2 conftest.c
configure:4457: $? = 0
configure:4471: icc -E -Wdate-time -D_FORTIFY_SOURCE=2 conftest.c
conftest.c(11): error #2379: cannot open source file "ac_nonexistent.h"
  #include <ac_nonexistent.h>
                             ^

configure:4471: $? = 2
configure: failed program was:
| /* confdefs.h */
| #define PACKAGE_NAME ""
| #define PACKAGE_TARNAME ""
| #define PACKAGE_VERSION ""
| #define PACKAGE_STRING ""
| #define PACKAGE_BUGREPORT ""
| #define PACKAGE_URL ""
| #define PACKAGE "libxml2"
| #define VERSION "2.9.8"
| /* end confdefs.h.  */
| #include <ac_nonexistent.h>
configure:4501: checking for mv
configure:4532: result: /bin/mv
configure:4542: checking for tar
configure:4573: result: /bin/tar
configure:4583: checking for perl
configure:4614: result: /usr/bin/perl
configure:4624: checking for wget
configure:4655: result: /usr/bin/wget
configure:4665: checking for xmllint
configure:4696: result: /usr/bin/xmllint
configure:4706: checking for xsltproc
configure:4737: result: /usr/bin/xsltproc
configure:4799: checking for pkg-config
configure:4829: result: /usr/bin/pkg-config
configure:4854: checking pkg-config is at least version 0.9.0
configure:4857: result: yes
configure:4912: checking how to print strings
configure:4939: result: printf
configure:4960: checking for a sed that does not truncate output
configure:5024: result: /bin/sed
configure:5042: checking for grep that handles long lines and -e
configure:5100: result: /bin/grep
configure:5105: checking for egrep
configure:5167: result: /bin/grep -E
configure:5172: checking for fgrep
configure:5234: result: /bin/grep -F
configure:5269: checking for ld used by icc
configure:5336: result: xild
configure:5343: checking if the linker (xild) is GNU ld
configure:5358: result: yes
configure:5370: checking for BSD- or MS-compatible name lister (nm)
configure:5424: result: /usr/bin/nm -B
configure:5554: checking the name lister (/usr/bin/nm -B) interface
configure:5574: result: BSD nm
configure:5578: checking the maximum length of command line arguments
configure:5709: result: 1572864
configure:5757: checking how to convert x86_64-pc-linux-gnu file names to x86_64-pc-linux-gnu format
configure:5797: result: func_convert_file_noop
configure:5804: checking how to convert x86_64-pc-linux-gnu file names to toolchain format
configure:5824: result: func_convert_file_noop
configure:5831: checking for xild option to reload object files
configure:5838: result: -r
configure:5912: checking for objdump
configure:5939: result: objdump
configure:5971: checking how to recognize dependent libraries
configure:6171: result: pass_all
configure:6256: checking for dlltool
configure:6286: result: no
configure:6316: checking how to associate runtime and link libraries
configure:6343: result: printf %s\n
configure:6468: checking for archiver @FILE support
configure:6511: result: @
configure:6569: checking for strip
configure:6596: result: strip
configure:6668: checking for ranlib
configure:6695: result: ranlib
configure:6797: checking command to parse /usr/bin/nm -B output from icc object
configure:7064: result: ok
configure:7111: checking for sysroot
configure:7141: result: no
configure:7148: checking for a working dd
configure:7186: result: /bin/dd
configure:7190: checking how to truncate binary pipes
configure:7205: result: /bin/dd bs=4096 count=1
configure:7341: icc -c -g -O2 -fdebug-prefix-map=/home/richard/debs/misc/libxml2/libxml2-2.9.8=. -fstack-protector-strong -Wformat -Werror=format-security -march=native -pipe -Wall -O3 -Wdate-time -D_FORTIFY_SOURCE=2 conftest.c >&5
configure:7344: $? = 0
configure:7534: checking for mt
configure:7561: result: mt
configure:7584: checking if mt is a manifest tool
configure:7598: result: no
configure:8271: checking for ANSI C header files
configure:8375: result: yes
configure:8388: checking for sys/types.h
configure:8388: result: yes
configure:8388: checking for sys/stat.h
configure:8388: result: yes
configure:8388: checking for stdlib.h
configure:8388: result: yes
configure:8388: checking for string.h
configure:8388: result: yes
configure:8388: checking for memory.h
configure:8388: result: yes
configure:8388: checking for strings.h
configure:8388: result: yes
configure:8388: checking for inttypes.h
configure:8388: result: yes
configure:8388: checking for stdint.h
configure:8388: result: yes
configure:8388: checking for unistd.h
configure:8388: result: yes
configure:8402: checking for dlfcn.h
configure:8402: result: yes
configure:8658: checking for objdir
configure:8673: result: .libs
configure:8937: checking if icc supports -fno-rtti -fno-exceptions
configure:8972: result: yes
configure:9330: checking for icc option to produce PIC
configure:9337: result: -fPIC -DPIC
configure:9345: checking if icc PIC flag -fPIC -DPIC works
configure:9380: result: yes
configure:9409: checking if icc static flag -static works
configure:9437: result: no
configure:9452: checking if icc supports -c -o file.o
configure:9499: result: yes
configure:9507: checking if icc supports -c -o file.o
configure:9554: result: yes
configure:9587: checking whether the icc linker (xild -m elf_x86_64) supports shared libraries
configure:10850: result: yes
configure:10887: checking whether -lc should be explicitly linked in
configure:10930: result: no
configure:11090: checking dynamic linker characteristics
configure:11920: result: GNU/Linux ld.so
configure:12042: checking how to hardcode library paths into programs
configure:12067: result: immediate
configure:12615: checking whether stripping libraries is possible
configure:12620: result: yes
configure:12655: checking if libtool supports shared libraries
configure:12657: result: yes
configure:12660: checking whether to build shared libraries
configure:12685: result: yes
configure:12688: checking whether to build static libraries
configure:12692: result: yes
configure:13214: checking for Z
configure:13221: $PKG_CONFIG --exists --print-errors "zlib"
configure:13224: $? = 0
configure:13238: $PKG_CONFIG --exists --print-errors "zlib"
configure:13241: $? = 0
configure:13279: result: yes
configure:13369: checking for LZMA
configure:13376: $PKG_CONFIG --exists --print-errors "liblzma"
configure:13379: $? = 0
configure:13393: $PKG_CONFIG --exists --print-errors "liblzma"
configure:13396: $? = 0
configure:13434: result: yes
configure:13518: checking for dirent.h that defines DIR
configure:13545: result: yes
configure:13558: checking for library containing opendir
configure:13606: result: none required
configure:13673: checking for ANSI C header files
configure:13777: result: yes
configure:13787: checking for fcntl.h
configure:13787: result: yes
configure:13799: checking for unistd.h
configure:13799: result: yes
configure:13811: checking for ctype.h
configure:13811: result: yes
configure:13823: checking for dirent.h
configure:13823: result: yes
configure:13835: checking for errno.h
configure:13835: result: yes
configure:13847: checking for malloc.h
configure:13847: result: yes
configure:13859: checking for stdarg.h
configure:13859: result: yes
configure:13871: checking for sys/stat.h
configure:13871: result: yes
configure:13883: checking for sys/types.h
configure:13883: result: yes
configure:13895: checking for stdint.h
configure:13895: result: yes
configure:13907: checking for inttypes.h
configure:13907: result: yes
configure:13919: checking for time.h
configure:13919: result: yes
configure:13931: checking for math.h
configure:13931: result: yes
configure:13943: checking for limits.h
configure:13943: result: yes
configure:13955: checking for float.h
configure:13955: result: yes
configure:13967: checking for stdlib.h
configure:13967: result: yes
configure:13979: checking for sys/socket.h
configure:13979: result: yes
configure:13995: checking for netinet/in.h
configure:13995: result: yes
configure:14011: checking for arpa/inet.h
configure:14011: result: yes
configure:14030: checking for netdb.h
configure:14030: result: yes
configure:14042: checking for sys/time.h
configure:14042: result: yes
configure:14054: checking for sys/select.h
configure:14054: result: yes
configure:14066: checking for poll.h
configure:14066: result: yes
configure:14078: checking for sys/mman.h
configure:14078: result: yes
configure:14090: checking for sys/timeb.h
configure:14090: result: yes
configure:14102: checking for signal.h
configure:14102: result: yes
configure:14114: checking for arpa/nameser.h
configure:14114: result: yes
configure:14130: checking for resolv.h
configure:14130: result: yes
configure:14152: checking for dl.h
configure:14152: result: no
configure:14164: checking for dlfcn.h
configure:14164: result: yes
configure:14178: checking for uint32_t
configure:14178: result: yes
configure:14198: checking for strftime
configure:14198: result: yes
configure:14254: checking for strftime
configure:14254: result: yes
configure:14254: checking for localtime
configure:14254: result: yes
configure:14254: checking for gettimeofday
configure:14254: result: yes
configure:14254: checking for ftime
configure:14254: result: yes
configure:14266: checking for stat
configure:14266: result: yes
configure:14266: checking for signal
configure:14266: result: yes
configure:14278: checking for rand
configure:14278: result: yes
configure:14278: checking for rand_r
configure:14278: result: yes
configure:14278: checking for srand
configure:14278: result: yes
configure:14278: checking for time
configure:14278: result: yes
configure:14290: checking for isascii
configure:14290: result: yes
configure:14290: checking for mmap
configure:14290: result: yes
configure:14290: checking for munmap
configure:14290: result: yes
configure:14290: checking for putenv
configure:14290: result: yes
configure:14302: checking for va_copy
configure:14316: icc -o conftest -g -O2 -fdebug-prefix-map=/home/richard/debs/misc/libxml2/libxml2-2.9.8=. -fstack-protector-strong -Wformat -Werror=format-security -march=native -pipe -Wall -O3 -Wdate-time -D_FORTIFY_SOURCE=2 -Wl,-z,relro -Wl,-z,now -Wl,--as-needed,--gc-sections,--stats -Wl,--as-needed conftest.c  >&5
icc: warning #10237: -lcilkrts linked in dynamically, static library not available
ld.gold: initial tasks run time: (user: 0.040000 sys: 0.020000 wall: 0.060000)
ld.gold: middle tasks run time: (user: 0.010000 sys: 0.000000 wall: 0.010000)
ld.gold: final tasks run time: (user: 0.000000 sys: 0.000000 wall: 0.000000)
ld.gold: total run time: (user: 0.050000 sys: 0.020000 wall: 0.070000)
ld.gold: total space allocated by malloc: 6103040 bytes
ld.gold: total bytes mapped for read: 153918143
ld.gold: maximum bytes mapped for read at one time: 153918143
ld.gold: archive libraries: 18
ld.gold: total archive members: 34124
ld.gold: loaded archive members: 6
ld.gold: lib groups: 0
ld.gold: total lib groups members: 0
ld.gold: loaded lib groups members: 0
ld.gold: output file size: 23992 bytes
ld.gold: symbol table entries: 20823; buckets: 28411
ld.gold: symbol table stringpool entries: 10366; buckets: 28411
ld.gold: symbol table stringpool Stringdata structures: 355
ld.gold: section name pool entries: 37; buckets: 79
ld.gold: section name pool Stringdata structures: 1
ld.gold: output symbol name pool entries: 78; buckets: 97
ld.gold: output symbol name pool Stringdata structures: 1
ld.gold: dynamic name pool entries: 30; buckets: 97
ld.gold: dynamic name pool Stringdata structures: 1
ld.gold: .comment merged strings input bytes: 58
ld.gold: .comment merged strings input strings: 2
ld.gold: .comment merged strings entries: 2; buckets: 3
ld.gold: .comment merged strings Stringdata structures: 1
ld.gold: .debug_str merged strings input bytes: 861
ld.gold: .debug_str merged strings input strings: 8
ld.gold: .debug_str merged strings entries: 8; buckets: 17
ld.gold: .debug_str merged strings Stringdata structures: 1
ld.gold: .rodata merged strings input bytes: 1948
ld.gold: .rodata merged strings input strings: 105
ld.gold: .rodata merged strings entries: 106; buckets: 167
ld.gold: .rodata merged strings Stringdata structures: 2
ld.gold: .rodata merged strings input bytes: 1760
ld.gold: .rodata merged strings input strings: 15
ld.gold: .rodata merged strings entries: 16; buckets: 17
ld.gold: .rodata merged strings Stringdata structures: 2
ld.gold: total free lists: 0
ld.gold: total free list nodes: 0
ld.gold: calls to Free_list::remove: 0
ld.gold: nodes visited: 0
ld.gold: calls to Free_list::allocate: 0
ld.gold: nodes visited: 0
configure:14316: $? = 0
configure:14323: result: yes
configure:14360: checking whether va_list is an array type
configure:14373: icc -c -g -O2 -fdebug-prefix-map=/home/richard/debs/misc/libxml2/libxml2-2.9.8=. -fstack-protector-strong -Wformat -Werror=format-security -march=native -pipe -Wall -O3 -Wdate-time -D_FORTIFY_SOURCE=2 conftest.c >&5
configure(14369): error: cast to type "va_list" is not allowed
  va_list ap1, ap2; a(&ap1); ap2 = (va_list) ap1
                                    ^

configure(14369): error: expression must be a modifiable lvalue
  va_list ap1, ap2; a(&ap1); ap2 = (va_list) ap1
                             ^

compilation aborted for conftest.c (code 2)
configure: failed program was:
#line 14363 "configure"
#include "confdefs.h"

#include <stdarg.h>
void a(va_list * ap) {}
int main(void) {

va_list ap1, ap2; a(&ap1); ap2 = (va_list) ap1
; return 0; }
configure:14383: result: yes
configure:14391: checking for library containing gethostent
configure:14439: result: none required
configure:14447: checking for library containing setsockopt
configure:14495: result: none required
configure:14503: checking for library containing connect
configure:14551: result: none required
configure:14560: checking for type of socket length (socklen_t)
configure:14574: icc -c -g -O2 -fdebug-prefix-map=/home/richard/debs/misc/libxml2/libxml2-2.9.8=. -fstack-protector-strong -Wformat -Werror=format-security -march=native -pipe -Wall -O3 -Wdate-time -D_FORTIFY_SOURCE=2 conftest.c >&5
configure:14577: result: socklen_t *
configure:14646: checking for const gethostbyname() argument
configure:14659: icc -o conftest -g -O2 -fdebug-prefix-map=/home/richard/debs/misc/libxml2/libxml2-2.9.8=. -fstack-protector-strong -Wformat -Werror=format-security -march=native -pipe -Wall -O3 -Wdate-time -D_FORTIFY_SOURCE=2 -Wl,-z,relro -Wl,-z,now -Wl,--as-needed,--gc-sections,--stats -Wl,--as-needed conftest.c  >&5
icc: warning #10237: -lcilkrts linked in dynamically, static library not available
ld.gold: initial tasks run time: (user: 0.050000 sys: 0.010000 wall: 0.060000)
ld.gold: middle tasks run time: (user: 0.000000 sys: 0.000000 wall: 0.010000)
ld.gold: final tasks run time: (user: 0.010000 sys: 0.000000 wall: 0.000000)
ld.gold: total run time: (user: 0.060000 sys: 0.010000 wall: 0.070000)
ld.gold: total space allocated by malloc: 6103040 bytes
ld.gold: total bytes mapped for read: 153917463
ld.gold: maximum bytes mapped for read at one time: 153917463
ld.gold: archive libraries: 18
ld.gold: total archive members: 34124
ld.gold: loaded archive members: 6
ld.gold: lib groups: 0
ld.gold: total lib groups members: 0
ld.gold: loaded lib groups members: 0
ld.gold: output file size: 23672 bytes
ld.gold: symbol table entries: 20823; buckets: 28411
ld.gold: symbol table stringpool entries: 10366; buckets: 28411
ld.gold: symbol table stringpool Stringdata structures: 355
ld.gold: section name pool entries: 37; buckets: 79
ld.gold: section name pool Stringdata structures: 1
ld.gold: output symbol name pool entries: 77; buckets: 97
ld.gold: output symbol name pool Stringdata structures: 1
ld.gold: dynamic name pool entries: 31; buckets: 97
ld.gold: dynamic name pool Stringdata structures: 1
ld.gold: .comment merged strings input bytes: 58
ld.gold: .comment merged strings input strings: 2
ld.gold: .comment merged strings entries: 2; buckets: 3
ld.gold: .comment merged strings Stringdata structures: 1
ld.gold: .rodata merged strings input bytes: 1952
ld.gold: .rodata merged strings input strings: 105
ld.gold: .rodata merged strings entries: 106; buckets: 167
ld.gold: .rodata merged strings Stringdata structures: 2
ld.gold: .rodata merged strings input bytes: 1760
ld.gold: .rodata merged strings input strings: 15
ld.gold: .rodata merged strings entries: 16; buckets: 17
ld.gold: .rodata merged strings Stringdata structures: 2
ld.gold: .debug_str merged strings input bytes: 821
ld.gold: .debug_str merged strings input strings: 5
ld.gold: .debug_str merged strings entries: 5; buckets: 7
ld.gold: .debug_str merged strings Stringdata structures: 1
ld.gold: total free lists: 0
ld.gold: total free list nodes: 0
ld.gold: calls to Free_list::remove: 0
ld.gold: nodes visited: 0
ld.gold: calls to Free_list::allocate: 0
ld.gold: nodes visited: 0
configure:14659: $? = 0
configure:14666: result: yes
configure:14678: checking for const send() second argument
configure:14692: icc -o conftest -g -O2 -fdebug-prefix-map=/home/richard/debs/misc/libxml2/libxml2-2.9.8=. -fstack-protector-strong -Wformat -Werror=format-security -march=native -pipe -Wall -O3 -Wdate-time -D_FORTIFY_SOURCE=2 -Wl,-z,relro -Wl,-z,now -Wl,--as-needed,--gc-sections,--stats -Wl,--as-needed conftest.c  >&5
icc: warning #10237: -lcilkrts linked in dynamically, static library not available
ld.gold: initial tasks run time: (user: 0.050000 sys: 0.010000 wall: 0.070000)
ld.gold: middle tasks run time: (user: 0.010000 sys: 0.000000 wall: 0.000000)
ld.gold: final tasks run time: (user: 0.000000 sys: 0.000000 wall: 0.010000)
ld.gold: total run time: (user: 0.060000 sys: 0.010000 wall: 0.080000)
ld.gold: total space allocated by malloc: 6103040 bytes
ld.gold: total bytes mapped for read: 153917471
ld.gold: maximum bytes mapped for read at one time: 153917471
ld.gold: archive libraries: 18
ld.gold: total archive members: 34124
ld.gold: loaded archive members: 6
ld.gold: lib groups: 0
ld.gold: total lib groups members: 0
ld.gold: loaded lib groups members: 0
ld.gold: output file size: 23664 bytes
ld.gold: symbol table entries: 20823; buckets: 28411
ld.gold: symbol table stringpool entries: 10366; buckets: 28411
ld.gold: symbol table stringpool Stringdata structures: 355
ld.gold: section name pool entries: 37; buckets: 79
ld.gold: section name pool Stringdata structures: 1
ld.gold: output symbol name pool entries: 77; buckets: 97
ld.gold: output symbol name pool Stringdata structures: 1
ld.gold: dynamic name pool entries: 31; buckets: 97
ld.gold: dynamic name pool Stringdata structures: 1
ld.gold: .comment merged strings input bytes: 58
ld.gold: .comment merged strings input strings: 2
ld.gold: .comment merged strings entries: 2; buckets: 3
ld.gold: .comment merged strings Stringdata structures: 1
ld.gold: .rodata merged strings input bytes: 1952
ld.gold: .rodata merged strings input strings: 105
ld.gold: .rodata merged strings entries: 106; buckets: 167
ld.gold: .rodata merged strings Stringdata structures: 2
ld.gold: .rodata merged strings input bytes: 1760
ld.gold: .rodata merged strings input strings: 15
ld.gold: .rodata merged strings entries: 16; buckets: 17
ld.gold: .rodata merged strings Stringdata structures: 2
ld.gold: .debug_str merged strings input bytes: 821
ld.gold: .debug_str merged strings input strings: 5
ld.gold: .debug_str merged strings entries: 5; buckets: 7
ld.gold: .debug_str merged strings Stringdata structures: 1
ld.gold: total free lists: 0
ld.gold: total free list nodes: 0
ld.gold: calls to Free_list::remove: 0
ld.gold: nodes visited: 0
ld.gold: calls to Free_list::allocate: 0
ld.gold: nodes visited: 0
configure:14692: $? = 0
configure:14699: result: yes
configure:14712: checking whether to enable IPv6
configure:14744: icc -c -g -O2 -fdebug-prefix-map=/home/richard/debs/misc/libxml2/libxml2-2.9.8=. -fstack-protector-strong -Wformat -Werror=format-security -march=native -pipe -Wall -O3 -Wdate-time -D_FORTIFY_SOURCE=2 conftest.c >&5
configure:14744: $? = 0
configure:14751: result: yes
configure:14760: checking struct sockaddr::ss_family
configure:14779: icc -c -g -O2 -fdebug-prefix-map=/home/richard/debs/misc/libxml2/libxml2-2.9.8=. -fstack-protector-strong -Wformat -Werror=format-security -march=native -pipe -Wall -O3 -Wdate-time -D_FORTIFY_SOURCE=2 conftest.c >&5
configure:14779: $? = 0
configure:14786: result: yes
configure:14831: checking for getaddrinfo
configure:14831: result: yes
configure:14892: checking for isnan
configure:14892: result: yes
configure:14943: checking for isinf
configure:14943: result: yes
configure:15260: checking for shl_load
configure:15260: result: no
configure:15265: checking for shl_load in -ldld
configure:15299: result: no
configure:15307: checking for dlopen
configure:15307: result: yes
configure:15465: checking for pthread.h
configure:15465: result: yes
configure:15467: checking for pthread_join in -lpthread
configure:15501: result: yes
configure:15579: checking for tputs in -lncurses
configure:15614: result: yes
configure:15623: checking for readline/history.h
configure:15623: result: yes
configure:15625: checking for append_history in -lhistory
configure:15659: result: yes
configure:15672: checking for readline/readline.h
configure:15672: result: yes
configure:15674: checking for readline in -lreadline
configure:15708: result: yes
configure:16011: checking for iconv.h
configure:16011: result: yes
configure:16013: checking for iconv
configure:16029: icc -o conftest -g -O2 -fdebug-prefix-map=/home/richard/debs/misc/libxml2/libxml2-2.9.8=. -fstack-protector-strong -Wformat -Werror=format-security -march=native -pipe -Wall -O3 -Wdate-time -D_FORTIFY_SOURCE=2 -Wl,-z,relro -Wl,-z,now -Wl,--as-needed,--gc-sections,--stats -Wl,--as-needed conftest.c  >&5
icc: warning #10237: -lcilkrts linked in dynamically, static library not available
ld.gold: initial tasks run time: (user: 0.040000 sys: 0.020000 wall: 0.070000)
ld.gold: middle tasks run time: (user: 0.010000 sys: 0.000000 wall: 0.010000)
ld.gold: final tasks run time: (user: 0.000000 sys: 0.000000 wall: 0.000000)
ld.gold: total run time: (user: 0.050000 sys: 0.020000 wall: 0.080000)
ld.gold: total space allocated by malloc: 6103040 bytes
ld.gold: total bytes mapped for read: 153917695
ld.gold: maximum bytes mapped for read at one time: 153917695
ld.gold: archive libraries: 18
ld.gold: total archive members: 34124
ld.gold: loaded archive members: 6
ld.gold: lib groups: 0
ld.gold: total lib groups members: 0
ld.gold: loaded lib groups members: 0
ld.gold: output file size: 23816 bytes
ld.gold: symbol table entries: 20823; buckets: 28411
ld.gold: symbol table stringpool entries: 10366; buckets: 28411
ld.gold: symbol table stringpool Stringdata structures: 355
ld.gold: section name pool entries: 37; buckets: 79
ld.gold: section name pool Stringdata structures: 1
ld.gold: output symbol name pool entries: 78; buckets: 97
ld.gold: output symbol name pool Stringdata structures: 1
ld.gold: dynamic name pool entries: 32; buckets: 97
ld.gold: dynamic name pool Stringdata structures: 1
ld.gold: .comment merged strings input bytes: 58
ld.gold: .comment merged strings input strings: 2
ld.gold: .comment merged strings entries: 2; buckets: 3
ld.gold: .comment merged strings Stringdata structures: 1
ld.gold: .rodata merged strings input bytes: 1952
ld.gold: .rodata merged strings input strings: 105
ld.gold: .rodata merged strings entries: 106; buckets: 167
ld.gold: .rodata merged strings Stringdata structures: 2
ld.gold: .rodata merged strings input bytes: 1760
ld.gold: .rodata merged strings input strings: 15
ld.gold: .rodata merged strings entries: 16; buckets: 17
ld.gold: .rodata merged strings Stringdata structures: 2
ld.gold: .debug_str merged strings input bytes: 834
ld.gold: .debug_str merged strings input strings: 7
ld.gold: .debug_str merged strings entries: 7; buckets: 17
ld.gold: .debug_str merged strings Stringdata structures: 1
ld.gold: total free lists: 0
ld.gold: total free list nodes: 0
ld.gold: calls to Free_list::remove: 0
ld.gold: nodes visited: 0
ld.gold: calls to Free_list::allocate: 0
ld.gold: nodes visited: 0
configure:16029: $? = 0
configure:16031: result: yes
configure:16085: checking for iconv declaration
configure:16124: result: 
	extern size_t iconv (iconv_t cd,  char * *inbuf, size_t *inbytesleft, char * *outbuf, size_t *outbytesleft);
configure:16425: checking for printf
configure:16425: result: yes
configure:16425: checking for sprintf
configure:16425: result: yes
configure:16425: checking for fprintf
configure:16425: result: yes
configure:16425: checking for snprintf
configure:16425: result: yes
configure:16425: checking for vfprintf
configure:16425: result: yes
configure:16425: checking for vsprintf
configure:16425: result: yes
configure:16425: checking for vsnprintf
configure:16425: result: yes
configure:16425: checking for sscanf
configure:16425: result: yes
configure:16595: checking that generated files are newer than configure
configure:16601: result: done
configure:16648: creating ./config.status

## ---------------------- ##
## Running config.status. ##
## ---------------------- ##

This file was extended by config.status, which was
generated by GNU Autoconf 2.69.  Invocation command line was

  CONFIG_FILES    = 
  CONFIG_HEADERS  = 
  CONFIG_LINKS    = 
  CONFIG_COMMANDS = 
  $ ./config.status 

on server

config.status:1304: creating libxml2.spec
config.status:1304: creating Makefile
config.status:1304: creating include/Makefile
config.status:1304: creating include/libxml/Makefile
config.status:1304: creating doc/Makefile
config.status:1304: creating doc/examples/Makefile
config.status:1304: creating doc/devhelp/Makefile
config.status:1304: creating example/Makefile
config.status:1304: creating python/Makefile
config.status:1304: creating python/tests/Makefile
config.status:1304: creating xstc/Makefile
config.status:1304: creating include/libxml/xmlversion.h
config.status:1304: creating libxml-2.0.pc
config.status:1304: creating libxml-2.0-uninstalled.pc
config.status:1304: creating libxml2-config.cmake
config.status:1304: creating python/setup.py
config.status:1304: creating xml2-config
config.status:1304: creating config.h
config.status:1518: executing depfiles commands
config.status:1518: executing libtool commands

## ---------------- ##
## Cache variables. ##
## ---------------- ##

ac_cv_build=x86_64-pc-linux-gnu
ac_cv_c_compiler_gnu=yes
ac_cv_c_uint32_t=yes
ac_cv_env_CC_set=set
ac_cv_env_CC_value=icc
ac_cv_env_CFLAGS_set=set
ac_cv_env_CFLAGS_value='-g -O2 -fdebug-prefix-map=/home/richard/debs/misc/libxml2/libxml2-2.9.8=. -fstack-protector-strong -Wformat -Werror=format-security -march=native -pipe -Wall -O3'
ac_cv_env_CPPFLAGS_set=set
ac_cv_env_CPPFLAGS_value='-Wdate-time -D_FORTIFY_SOURCE=2'
ac_cv_env_CPP_set=
ac_cv_env_CPP_value=
ac_cv_env_ICU_CFLAGS_set=
ac_cv_env_ICU_CFLAGS_value=
ac_cv_env_ICU_LIBS_set=
ac_cv_env_ICU_LIBS_value=
ac_cv_env_LDFLAGS_set=set
ac_cv_env_LDFLAGS_value='-Wl,-z,relro -Wl,-z,now -Wl,--as-needed,--gc-sections,--stats -Wl,--as-needed'
ac_cv_env_LIBS_set=
ac_cv_env_LIBS_value=
ac_cv_env_LT_SYS_LIBRARY_PATH_set=
ac_cv_env_LT_SYS_LIBRARY_PATH_value=
ac_cv_env_LZMA_CFLAGS_set=
ac_cv_env_LZMA_CFLAGS_value=
ac_cv_env_LZMA_LIBS_set=
ac_cv_env_LZMA_LIBS_value=
ac_cv_env_PKG_CONFIG_LIBDIR_set=
ac_cv_env_PKG_CONFIG_LIBDIR_value=
ac_cv_env_PKG_CONFIG_PATH_set=
ac_cv_env_PKG_CONFIG_PATH_value=
ac_cv_env_PKG_CONFIG_set=
ac_cv_env_PKG_CONFIG_value=
ac_cv_env_Z_CFLAGS_set=
ac_cv_env_Z_CFLAGS_value=
ac_cv_env_Z_LIBS_set=
ac_cv_env_Z_LIBS_value=
ac_cv_env_build_alias_set=set
ac_cv_env_build_alias_value=x86_64-linux-gnu
ac_cv_env_host_alias_set=
ac_cv_env_host_alias_value=
ac_cv_env_target_alias_set=
ac_cv_env_target_alias_value=
ac_cv_func_dlopen=yes
ac_cv_func_fprintf=yes
ac_cv_func_ftime=yes
ac_cv_func_getaddrinfo=yes
ac_cv_func_gettimeofday=yes
ac_cv_func_isascii=yes
ac_cv_func_isinf=yes
ac_cv_func_isnan=yes
ac_cv_func_localtime=yes
ac_cv_func_mmap=yes
ac_cv_func_munmap=yes
ac_cv_func_printf=yes
ac_cv_func_putenv=yes
ac_cv_func_rand=yes
ac_cv_func_rand_r=yes
ac_cv_func_shl_load=no
ac_cv_func_signal=yes
ac_cv_func_snprintf=yes
ac_cv_func_sprintf=yes
ac_cv_func_srand=yes
ac_cv_func_sscanf=yes
ac_cv_func_stat=yes
ac_cv_func_strftime=yes
ac_cv_func_time=yes
ac_cv_func_vfprintf=yes
ac_cv_func_vsnprintf=yes
ac_cv_func_vsprintf=yes
ac_cv_header_arpa_inet_h=yes
ac_cv_header_arpa_nameser_h=yes
ac_cv_header_ctype_h=yes
ac_cv_header_dirent_dirent_h=yes
ac_cv_header_dirent_h=yes
ac_cv_header_dl_h=no
ac_cv_header_dlfcn_h=yes
ac_cv_header_errno_h=yes
ac_cv_header_fcntl_h=yes
ac_cv_header_float_h=yes
ac_cv_header_iconv_h=yes
ac_cv_header_inttypes_h=yes
ac_cv_header_limits_h=yes
ac_cv_header_malloc_h=yes
ac_cv_header_math_h=yes
ac_cv_header_memory_h=yes
ac_cv_header_netdb_h=yes
ac_cv_header_netinet_in_h=yes
ac_cv_header_poll_h=yes
ac_cv_header_pthread_h=yes
ac_cv_header_readline_history_h=yes
ac_cv_header_readline_readline_h=yes
ac_cv_header_resolv_h=yes
ac_cv_header_signal_h=yes
ac_cv_header_stdarg_h=yes
ac_cv_header_stdc=yes
ac_cv_header_stdint_h=yes
ac_cv_header_stdlib_h=yes
ac_cv_header_string_h=yes
ac_cv_header_strings_h=yes
ac_cv_header_sys_mman_h=yes
ac_cv_header_sys_select_h=yes
ac_cv_header_sys_socket_h=yes
ac_cv_header_sys_stat_h=yes
ac_cv_header_sys_time_h=yes
ac_cv_header_sys_timeb_h=yes
ac_cv_header_sys_types_h=yes
ac_cv_header_time_h=yes
ac_cv_header_unistd_h=yes
ac_cv_host=x86_64-pc-linux-gnu
ac_cv_lib_dld_shl_load=no
ac_cv_lib_history_append_history=yes
ac_cv_lib_ncurses___tputs=yes
ac_cv_lib_pthread_pthread_join=yes
ac_cv_lib_readline_readline=yes
ac_cv_objext=o
ac_cv_path_EGREP='/bin/grep -E'
ac_cv_path_FGREP='/bin/grep -F'
ac_cv_path_GREP=/bin/grep
ac_cv_path_MV=/bin/mv
ac_cv_path_PERL=/usr/bin/perl
ac_cv_path_SED=/bin/sed
ac_cv_path_TAR=/bin/tar
ac_cv_path_WGET=/usr/bin/wget
ac_cv_path_XMLLINT=/usr/bin/xmllint
ac_cv_path_XSLTPROC=/usr/bin/xsltproc
ac_cv_path_ac_pt_PKG_CONFIG=/usr/bin/pkg-config
ac_cv_path_install='/usr/bin/install -c'
ac_cv_path_lt_DD=/bin/dd
ac_cv_path_mkdir=/bin/mkdir
ac_cv_prog_AWK=mawk
ac_cv_prog_CPP='icc -E'
ac_cv_prog_ac_ct_CC=icc
ac_cv_prog_ac_ct_MANIFEST_TOOL=mt
ac_cv_prog_ac_ct_OBJDUMP=objdump
ac_cv_prog_ac_ct_RANLIB=ranlib
ac_cv_prog_ac_ct_STRIP=strip
ac_cv_prog_cc_c89=
ac_cv_prog_cc_g=yes
ac_cv_prog_make_make_set=yes
ac_cv_search_connect='none required'
ac_cv_search_gethostent='none required'
ac_cv_search_opendir='none required'
ac_cv_search_setsockopt='none required'
am_cv_CC_dependencies_compiler_type=none
am_cv_make_support_nested_variables=yes
am_cv_prog_cc_c_o=yes
lt_cv_ar_at_file=@
lt_cv_archive_cmds_need_lc=no
lt_cv_deplibs_check_method=pass_all
lt_cv_file_magic_cmd='$MAGIC_CMD'
lt_cv_file_magic_test_file=
lt_cv_ld_reload_flag=-r
lt_cv_nm_interface='BSD nm'
lt_cv_objdir=.libs
lt_cv_path_LD=xild
lt_cv_path_NM='/usr/bin/nm -B'
lt_cv_path_mainfest_tool=no
lt_cv_prog_compiler_c_o=yes
lt_cv_prog_compiler_pic='-fPIC -DPIC'
lt_cv_prog_compiler_pic_works=yes
lt_cv_prog_compiler_rtti_exceptions=yes
lt_cv_prog_compiler_static_works=no
lt_cv_prog_gnu_ld=yes
lt_cv_sharedlib_from_linklib_cmd='printf %s\n'
lt_cv_shlibpath_overrides_runpath=yes
lt_cv_sys_global_symbol_pipe='sed -n -e '\''s/^.*[	 ]\([ABCDGIRSTW][ABCDGIRSTW]*\)[	 ][	 ]*\([_A-Za-z][_A-Za-z0-9]*\)$/\1 \2 \2/p'\'' | sed '\''/ __gnu_lto/d'\'''
lt_cv_sys_global_symbol_to_c_name_address='sed -n -e '\''s/^: \(.*\) .*$/  {"\1", (void *) 0},/p'\'' -e '\''s/^[ABCDGIRSTW][ABCDGIRSTW]* .* \(.*\)$/  {"\1", (void *) \&\1},/p'\'''
lt_cv_sys_global_symbol_to_c_name_address_lib_prefix='sed -n -e '\''s/^: \(.*\) .*$/  {"\1", (void *) 0},/p'\'' -e '\''s/^[ABCDGIRSTW][ABCDGIRSTW]* .* \(lib.*\)$/  {"\1", (void *) \&\1},/p'\'' -e '\''s/^[ABCDGIRSTW][ABCDGIRSTW]* .* \(.*\)$/  {"lib\1", (void *) \&\1},/p'\'''
lt_cv_sys_global_symbol_to_cdecl='sed -n -e '\''s/^T .* \(.*\)$/extern int \1();/p'\'' -e '\''s/^[ABCDGIRSTW][ABCDGIRSTW]* .* \(.*\)$/extern char \1;/p'\'''
lt_cv_sys_global_symbol_to_import=
lt_cv_sys_max_cmd_len=1572864
lt_cv_to_host_file_cmd=func_convert_file_noop
lt_cv_to_tool_file_cmd=func_convert_file_noop
lt_cv_truncate_bin='/bin/dd bs=4096 count=1'
pkg_cv_ICU_CFLAGS=
pkg_cv_ICU_LIBS='-licui18n -licuuc -licudata'
pkg_cv_LZMA_CFLAGS=
pkg_cv_LZMA_LIBS=-llzma
pkg_cv_Z_CFLAGS=
pkg_cv_Z_LIBS=-lz
xml_cv_iconv_arg2=
xml_cv_iconv_decl='extern size_t iconv (iconv_t cd,  char * *inbuf, size_t *inbytesleft, char * *outbuf, size_t *outbytesleft);'

## ----------------- ##
## Output variables. ##
## ----------------- ##

ACLOCAL='${SHELL} /home/richard/debs/misc/libxml2/libxml2-2.9.8/missing aclocal-1.16'
AMDEPBACKSLASH=''
AMDEP_FALSE=''
AMDEP_TRUE='#'
AMTAR='$${TAR-tar}'
AM_BACKSLASH='\'
AM_DEFAULT_V='$(AM_DEFAULT_VERBOSITY)'
AM_DEFAULT_VERBOSITY='1'
AM_V='$(V)'
AR='xiar'
AUTOCONF='${SHELL} /home/richard/debs/misc/libxml2/libxml2-2.9.8/missing autoconf'
AUTOHEADER='${SHELL} /home/richard/debs/misc/libxml2/libxml2-2.9.8/missing autoheader'
AUTOMAKE='${SHELL} /home/richard/debs/misc/libxml2/libxml2-2.9.8/missing automake-1.16'
AWK='mawk'
BASE_THREAD_LIBS='-lpthread'
C14N_OBJ='c14n.c'
CATALOG_OBJ='catalog.o'
CC='icc'
CCDEPMODE='depmode=none'
CFLAGS='-g -O2 -fdebug-prefix-map=/home/richard/debs/misc/libxml2/libxml2-2.9.8=. -fstack-protector-strong -Wformat -Werror=format-security -march=native -pipe -Wall -O3'
CPP='icc -E'
CPPFLAGS='-Wdate-time -D_FORTIFY_SOURCE=2'
CYGPATH_W='echo'
CYGWIN_EXTRA_LDFLAGS=''
CYGWIN_EXTRA_PYTHON_LIBADD=''
DEBUG_OBJ='debugXML.o'
DEFS='-DHAVE_CONFIG_H'
DEPDIR='.deps'
DLLTOOL='false'
DOCB_OBJ='DOCBparser.o'
DSYMUTIL=''
DUMPBIN=''
ECHO_C=''
ECHO_N='-n'
ECHO_T=''
EGREP='/bin/grep -E'
EXEEXT=''
EXTRA_CFLAGS=' -pedantic -Wall -Wextra -Wshadow -Wpointer-arith -Wcast-align -Wwrite-strings -Waggregate-return -Wstrict-prototypes -Wmissing-prototypes -Wnested-externs -Winline -Wredundant-decls -Wno-long-long -Wno-format-extra-args -Wno-array-bounds'
FGREP='/bin/grep -F'
FTP_OBJ='nanoftp.o'
GREP='/bin/grep'
HAVE_ISINF=''
HAVE_ISNAN=''
HTML_DIR='$(datadir)/doc/$(PACKAGE)-$(VERSION)/html'
HTML_OBJ='HTMLparser.o HTMLtree.o'
HTTP_OBJ='nanohttp.o'
ICONV_LIBS=''
ICU_CFLAGS=''
ICU_LIBS=''
INSTALL_DATA='${INSTALL} -m 644'
INSTALL_PROGRAM='${INSTALL}'
INSTALL_SCRIPT='${INSTALL}'
INSTALL_STRIP_PROGRAM='$(install_sh) -c -s'
LD='xild -m elf_x86_64'
LDFLAGS='-Wl,-z,relro -Wl,-z,now -Wl,--as-needed,--gc-sections,--stats -Wl,--as-needed'
LIBOBJS=''
LIBS=''
LIBTOOL='$(SHELL) $(top_builddir)/libtool'
LIBXML_MAJOR_VERSION='2'
LIBXML_MICRO_VERSION='8'
LIBXML_MINOR_VERSION='9'
LIBXML_VERSION='2.9.8'
LIBXML_VERSION_EXTRA=''
LIBXML_VERSION_INFO='11:8:9'
LIBXML_VERSION_NUMBER='20908'
LIPO=''
LN_S='ln -s'
LTLIBOBJS=''
LT_SYS_LIBRARY_PATH=''
LZMA_CFLAGS=''
LZMA_LIBS='-llzma'
MAINT='#'
MAINTAINER_MODE_FALSE=''
MAINTAINER_MODE_TRUE='#'
MAKEINFO='${SHELL} /home/richard/debs/misc/libxml2/libxml2-2.9.8/missing makeinfo'
MANIFEST_TOOL=':'
MKDIR_P='/bin/mkdir -p'
MODULE_EXTENSION='.so'
MODULE_PLATFORM_LIBS=''
MV='/bin/mv'
M_LIBS='-lm'
NM='/usr/bin/nm -B'
NMEDIT=''
OBJDUMP='objdump'
OBJEXT='o'
OTOOL64=''
OTOOL=''
PACKAGE='libxml2'
PACKAGE_BUGREPORT=''
PACKAGE_NAME=''
PACKAGE_STRING=''
PACKAGE_TARNAME=''
PACKAGE_URL=''
PACKAGE_VERSION=''
PATH_SEPARATOR=':'
PERL='/usr/bin/perl'
PKG_CONFIG='/usr/bin/pkg-config'
PKG_CONFIG_LIBDIR=''
PKG_CONFIG_PATH=''
PYTHON='/usr/bin/python2.7'
PYTHON_INCLUDES='/usr/include/python2.7'
PYTHON_LIBS='-L/usr/lib/python2.7/config-x86_64-linux-gnu -L/usr/lib -lpython2.7 -lpthread -ldl  -lutil -lm  -Xlinker -export-dynamic -Wl,-O1 -Wl,-Bsymbolic-functions'
PYTHON_SITE_PACKAGES='/usr/lib/python2.7/dist-packages'
PYTHON_SUBDIR='python'
PYTHON_TESTS=' RelaxNGPythonTests SchemasPythonTests'
PYTHON_VERSION='2.7'
RANLIB='ranlib'
RDL_LIBS='-lreadline -lhistory -lncurses'
READER_TEST='Readertests'
REBUILD_DOCS_FALSE=''
REBUILD_DOCS_TRUE='#'
RELDATE='Mon Dec  3 2018'
SED='/bin/sed'
SET_MAKE=''
SHELL='/bin/bash'
STATIC_BINARIES=''
STRIP='strip'
TAR='/bin/tar'
TEST_C14N='C14Ntests'
TEST_CATALOG='Catatests'
TEST_DEBUG='Scripttests'
TEST_HTML='HTMLtests'
TEST_MODULES='ModuleTests'
TEST_PATTERN='Patterntests'
TEST_PHTML='HTMLPushtests'
TEST_PUSH='XMLPushtests'
TEST_REGEXPS='Regexptests Automatatests'
TEST_SAX='SAXtests'
TEST_SCHEMAS='Schemastests Relaxtests'
TEST_SCHEMATRON='Schematrontests'
TEST_THREADS='Threadtests'
TEST_VALID='Validtests'
TEST_VTIME='VTimingtests'
TEST_XINCLUDE='XIncludetests'
TEST_XPATH='XPathtests'
TEST_XPTR='XPtrtests'
THREADS_W32_FALSE=''
THREADS_W32_TRUE='#'
THREAD_CFLAGS=' -D_REENTRANT'
THREAD_LIBS=''
USE_VERSION_SCRIPT_FALSE='#'
USE_VERSION_SCRIPT_TRUE=''
VERSION='2.9.8'
VERSION_SCRIPT_FLAGS='-Wl,--version-script='
WGET='/usr/bin/wget'
WIN32_EXTRA_LDFLAGS=''
WIN32_EXTRA_LIBADD=''
WIN32_EXTRA_PYTHON_LIBADD=''
WITH_C14N='1'
WITH_CATALOG='1'
WITH_DEBUG='1'
WITH_DOCB='1'
WITH_FTP='1'
WITH_HTML='1'
WITH_HTTP='1'
WITH_ICONV='1'
WITH_ICU='0'
WITH_ISO8859X='1'
WITH_LEGACY='1'
WITH_LZMA='1'
WITH_MEM_DEBUG='0'
WITH_MODULES='1'
WITH_OUTPUT='1'
WITH_PATTERN='1'
WITH_PUSH='1'
WITH_PYTHON_FALSE='#'
WITH_PYTHON_TRUE=''
WITH_READER='1'
WITH_REGEXPS='1'
WITH_RUN_DEBUG='0'
WITH_SAX1='1'
WITH_SAX1_SOURCES_FALSE=''
WITH_SAX1_SOURCES_TRUE='#'
WITH_SCHEMAS='1'
WITH_SCHEMATRON='1'
WITH_THREADS='1'
WITH_THREAD_ALLOC='0'
WITH_TREE='1'
WITH_TRIO='0'
WITH_TRIO_SOURCES_FALSE=''
WITH_TRIO_SOURCES_TRUE='#'
WITH_VALID='1'
WITH_WRITER='1'
WITH_XINCLUDE='1'
WITH_XPATH='1'
WITH_XPTR='1'
WITH_ZLIB='1'
XINCLUDE_OBJ='xinclude.o'
XMLLINT='/usr/bin/xmllint'
XML_CFLAGS=''
XML_INCLUDEDIR='-I${includedir}/libxml2'
XML_LIBDIR='-L${libdir}'
XML_LIBS='-lxml2'
XML_LIBTOOLLIBS='libxml2.la'
XPATH_OBJ='xpath.o'
XPTR_OBJ='xpointer.o'
XSLTPROC='/usr/bin/xsltproc'
Z_CFLAGS=''
Z_LIBS='-lz'
ac_ct_AR=''
ac_ct_CC='icc'
ac_ct_DUMPBIN=''
am__EXEEXT_FALSE=''
am__EXEEXT_TRUE='#'
am__fastdepCC_FALSE=''
am__fastdepCC_TRUE='#'
am__include='include'
am__isrc=' -I$(srcdir)'
am__leading_dot='.'
am__nodep=''
am__quote=''
am__tar='$${TAR-tar} chof - "$$tardir"'
am__untar='$${TAR-tar} xf -'
bindir='${exec_prefix}/bin'
build='x86_64-pc-linux-gnu'
build_alias='x86_64-linux-gnu'
build_cpu='x86_64'
build_os='linux-gnu'
build_vendor='pc'
datadir='${datarootdir}'
datarootdir='${prefix}/share'
docdir='${datarootdir}/doc/${PACKAGE}'
dvidir='${docdir}'
exec_prefix='${prefix}'
host='x86_64-pc-linux-gnu'
host_alias=''
host_cpu='x86_64'
host_os='linux-gnu'
host_vendor='pc'
htmldir='${docdir}'
includedir='${prefix}/include'
infodir='${prefix}/share/info'
install_sh='${SHELL} /home/richard/debs/misc/libxml2/libxml2-2.9.8/install-sh'
libdir='${prefix}/lib/x86_64-linux-gnu'
libexecdir='${prefix}/lib/x86_64-linux-gnu'
localedir='${datarootdir}/locale'
localstatedir='/var'
mandir='${prefix}/share/man'
mkdir_p='$(MKDIR_P)'
oldincludedir='/usr/include'
pdfdir='${docdir}'
prefix='/usr'
program_transform_name='s,x,x,'
psdir='${docdir}'
pythondir='$(PYTHON_SITE_PACKAGES)'
runstatedir='/run'
sbindir='${exec_prefix}/sbin'
sharedstatedir='${prefix}/com'
sysconfdir='/etc'
target_alias=''

## ----------- ##
## confdefs.h. ##
## ----------- ##

/* confdefs.h */
#define PACKAGE_NAME ""
#define PACKAGE_TARNAME ""
#define PACKAGE_VERSION ""
#define PACKAGE_STRING ""
#define PACKAGE_BUGREPORT ""
#define PACKAGE_URL ""
#define PACKAGE "libxml2"
#define VERSION "2.9.8"
#define STDC_HEADERS 1
#define HAVE_SYS_TYPES_H 1
#define HAVE_SYS_STAT_H 1
#define HAVE_STDLIB_H 1
#define HAVE_STRING_H 1
#define HAVE_MEMORY_H 1
#define HAVE_STRINGS_H 1
#define HAVE_INTTYPES_H 1
#define HAVE_STDINT_H 1
#define HAVE_UNISTD_H 1
#define HAVE_DLFCN_H 1
#define LT_OBJDIR ".libs/"
#define HAVE_DIRENT_H 1
#define STDC_HEADERS 1
#define HAVE_FCNTL_H 1
#define HAVE_UNISTD_H 1
#define HAVE_CTYPE_H 1
#define HAVE_DIRENT_H 1
#define HAVE_ERRNO_H 1
#define HAVE_MALLOC_H 1
#define HAVE_STDARG_H 1
#define HAVE_SYS_STAT_H 1
#define HAVE_SYS_TYPES_H 1
#define HAVE_STDINT_H 1
#define HAVE_INTTYPES_H 1
#define HAVE_TIME_H 1
#define HAVE_MATH_H 1
#define HAVE_LIMITS_H 1
#define HAVE_FLOAT_H 1
#define HAVE_STDLIB_H 1
#define HAVE_SYS_SOCKET_H 1
#define HAVE_NETINET_IN_H 1
#define HAVE_ARPA_INET_H 1
#define HAVE_NETDB_H 1
#define HAVE_SYS_TIME_H 1
#define HAVE_SYS_SELECT_H 1
#define HAVE_POLL_H 1
#define HAVE_SYS_MMAN_H 1
#define HAVE_SYS_TIMEB_H 1
#define HAVE_SIGNAL_H 1
#define HAVE_ARPA_NAMESER_H 1
#define HAVE_RESOLV_H 1
#define HAVE_DLFCN_H 1
#define HAVE_STRFTIME 1
#define HAVE_STRFTIME 1
#define HAVE_LOCALTIME 1
#define HAVE_GETTIMEOFDAY 1
#define HAVE_FTIME 1
#define HAVE_STAT 1
#define HAVE_SIGNAL 1
#define HAVE_RAND 1
#define HAVE_RAND_R 1
#define HAVE_SRAND 1
#define HAVE_TIME 1
#define HAVE_ISASCII 1
#define HAVE_MMAP 1
#define HAVE_MUNMAP 1
#define HAVE_PUTENV 1
#define HAVE_VA_COPY 1
#define VA_LIST_IS_ARRAY 1
#define XML_SOCKLEN_T socklen_t
#define GETHOSTBYNAME_ARG_CAST /**/
#define SEND_ARG2_CAST /**/
#define SUPPORT_IP6 /**/
#define HAVE_GETADDRINFO /**/
#define HAVE_ISNAN /**/
#define HAVE_ISINF /**/
#define HAVE_DLOPEN /**/
#define HAVE_LIBPTHREAD /**/
#define HAVE_PTHREAD_H /**/
#define HAVE_LIBHISTORY /**/
#define HAVE_LIBREADLINE /**/
#define ICONV_CONST 
#define HAVE_PRINTF 1
#define HAVE_SPRINTF 1
#define HAVE_FPRINTF 1
#define HAVE_SNPRINTF 1
#define HAVE_VFPRINTF 1
#define HAVE_VSPRINTF 1
#define HAVE_VSNPRINTF 1
#define HAVE_SSCANF 1

configure: exit 0
