This file contains any messages produced by compilers while
running configure, to aid debugging if configure makes a mistake.

It was created by configure, which was
generated by GNU Autoconf 2.69.  Invocation command line was

  $ ../../configure --build=x86_64-linux-gnu --prefix=/usr --includedir=${prefix}/include --mandir=${prefix}/share/man --infodir=${prefix}/share/info --sysconfdir=/etc --localstatedir=/var --disable-silent-rules --libdir=${prefix}/lib/x86_64-linux-gnu --libexecdir=${prefix}/lib/x86_64-linux-gnu --runstatedir=/run --disable-maintainer-mode --disable-dependency-tracking --disable-silent-rules --with-history --cache-file=/home/richard/debs/misc/libxml2/libxml2/builddir/config.cache --with-python=/usr/bin/python3.7 --with-python-install-dir=/usr/lib/python3.7/dist-packages

## --------- ##
## Platform. ##
## --------- ##

hostname = server
uname -m = x86_64
uname -r = 4.18.0-2-amd64
uname -s = Linux
uname -v = #1 SMP Debian 4.18.10-2 (2018-11-02)

/usr/bin/uname -p = unknown
/bin/uname -X     = unknown

/bin/arch              = unknown
/usr/bin/arch -k       = unknown
/usr/convex/getsysinfo = unknown
/usr/bin/hostinfo      = unknown
/bin/machine           = unknown
/usr/bin/oslevel       = unknown
/bin/universe          = unknown

PATH: /opt/intel/compilers_and_libraries/linux/pkg_bin/intel64
PATH: /opt/intel/parallel_studio_xe_2019/bin
PATH: /usr/sbin
PATH: /usr/bin
PATH: /sbin
PATH: /bin
PATH: /usr/bin/X11


## ----------- ##
## Core tests. ##
## ----------- ##

configure:2433: loading cache /home/richard/debs/misc/libxml2/libxml2/builddir/config.cache
configure:2518: checking whether to enable maintainer-specific portions of Makefiles
configure:2527: result: no
configure:2574: checking build system type
configure:2588: result: x86_64-pc-linux-gnu
configure:2608: checking host system type
configure:2621: result: x86_64-pc-linux-gnu
configure:2701: checking for a BSD-compatible install
configure:2769: result: /usr/bin/install -c
configure:2780: checking whether build environment is sane
configure:2835: result: yes
configure:2986: checking for a thread-safe mkdir -p
configure:3025: result: /bin/mkdir -p
configure:3032: checking for gawk
configure:3059: result: mawk
configure:3070: checking whether make sets $(MAKE)
configure:3092: result: yes
configure:3121: checking whether make supports nested variables
configure:3138: result: yes
configure:3280: checking whether make supports nested variables
configure:3297: result: yes
configure:3357: checking for gcc
configure:3384: result: icc
configure:3613: checking for C compiler version
configure:3622: icc --version >&5
icc (ICC) 19.0.1.144 20181018
Copyright (C) 1985-2018 Intel Corporation.  All rights reserved.

configure:3633: $? = 0
configure:3622: icc -v >&5
Memory region         Used Size  Region Size  %age Used
icc version 19.0.1.144 (gcc version 8.2.0 compatibility)
icc: warning #10013: no objects specified for multi-file optimization
ld    /usr/lib/gcc/x86_64-linux-gnu/8/../../../x86_64-linux-gnu/Scrt1.o /usr/lib/gcc/x86_64-linux-gnu/8/../../../x86_64-linux-gnu/crti.o /usr/lib/gcc/x86_64-linux-gnu/8/crtbeginS.o --eh-frame-hdr --build-id -dynamic-linker /lib64/ld-linux-x86-64.so.2 -m elf_x86_64 -o a.out -L/opt/intel/tbb/lib/intel64/gcc4.7 -L/opt/intel/compilers_and_libraries_2019.1.144/linux/compiler/lib/intel64_lin -L/usr/lib/gcc/x86_64-linux-gnu/8/ -L/usr/lib/gcc/x86_64-linux-gnu/8/../../../x86_64-linux-gnu/ -L/usr/lib/gcc/x86_64-linux-gnu/8/../../../../lib/ -L/lib/x86_64-linux-gnu/ -L/lib/../lib64 -L/lib/../lib/ -L/usr/lib/x86_64-linux-gnu/ -L/usr/lib/../lib/ -L/opt/intel/tbb/lib/intel64/gcc4.7/ -L/usr/lib/gcc/x86_64-linux-gnu/8/../../../ -L/lib64 -L/lib/ -L/usr/lib --as-needed --gc-sections --print-memory-usage --relax --stats -Bdynamic -Bstatic -limf -lsvml -lirng -lmatmul -Bdynamic -lm -Bstatic -lipgo -ldecimal -Bdynamic -liomp5 --as-needed -lcilkrts -lstdc++ --no-as-needed -lgcc -lgcc_s -Bstatic -lirc -Bdynamic -lpthread -Bstatic -lsvml -Bdynamic -lc -lgcc -lgcc_s -Bstatic -lirc_s -Bdynamic -ldl -lc /usr/lib/gcc/x86_64-linux-gnu/8/crtendS.o /usr/lib/gcc/x86_64-linux-gnu/8/../../../x86_64-linux-gnu/crtn.o
ld: /usr/lib/gcc/x86_64-linux-gnu/8/../../../x86_64-linux-gnu/Scrt1.o: in function `_start':
(.text+0x20): undefined reference to `main'
configure:3633: $? = 1
configure:3622: icc -V >&5
GNU ld (GNU Binutils for Debian) 2.31.1
Memory region         Used Size  Region Size  %age Used
Intel(R) C Intel(R) 64 Compiler for applications running on Intel(R) 64, Version 19.0.1.144 Build 20181018
Copyright (C) 1985-2018 Intel Corporation.  All rights reserved.

icc: warning #10013: no objects specified for multi-file optimization
ld: /usr/lib/gcc/x86_64-linux-gnu/8/../../../x86_64-linux-gnu/Scrt1.o: in function `_start':
(.text+0x20): undefined reference to `main'
configure:3633: $? = 1
configure:3622: icc -qversion >&5
Memory region         Used Size  Region Size  %age Used
icc: warning #10013: no objects specified for multi-file optimization
ld: /usr/lib/gcc/x86_64-linux-gnu/8/../../../x86_64-linux-gnu/Scrt1.o: in function `_start':
(.text+0x20): undefined reference to `main'
configure:3633: $? = 1
configure:3653: checking whether the C compiler works
configure:3675: icc -g -O2 -fdebug-prefix-map=/home/richard/debs/misc/libxml2/libxml2=. -fstack-protector-strong -Wformat -Werror=format-security -march=native -pipe -Wall -O3 -Wdate-time -D_FORTIFY_SOURCE=2 -Wl,-z,relro -Wl,-z,now -Wl,--as-needed,--gc-sections,--print-gc-sections,--print-memory-usage,--stats -Wl,--as-needed conftest.c  >&5
ld: removing unused section '.rodata.cst4' in file '/usr/lib/gcc/x86_64-linux-gnu/8/../../../x86_64-linux-gnu/Scrt1.o'
ld: removing unused section '.data' in file '/usr/lib/gcc/x86_64-linux-gnu/8/../../../x86_64-linux-gnu/Scrt1.o'
Memory region         Used Size  Region Size  %age Used
ld: total time in link: 0.124491
configure:3679: $? = 0
configure:3727: result: yes
configure:3730: checking for C compiler default output file name
configure:3732: result: a.out
configure:3738: checking for suffix of executables
configure:3745: icc -o conftest -g -O2 -fdebug-prefix-map=/home/richard/debs/misc/libxml2/libxml2=. -fstack-protector-strong -Wformat -Werror=format-security -march=native -pipe -Wall -O3 -Wdate-time -D_FORTIFY_SOURCE=2 -Wl,-z,relro -Wl,-z,now -Wl,--as-needed,--gc-sections,--print-gc-sections,--print-memory-usage,--stats -Wl,--as-needed conftest.c  >&5
ld: removing unused section '.rodata.cst4' in file '/usr/lib/gcc/x86_64-linux-gnu/8/../../../x86_64-linux-gnu/Scrt1.o'
ld: removing unused section '.data' in file '/usr/lib/gcc/x86_64-linux-gnu/8/../../../x86_64-linux-gnu/Scrt1.o'
Memory region         Used Size  Region Size  %age Used
ld: total time in link: 0.125168
configure:3749: $? = 0
configure:3771: result: 
configure:3793: checking whether we are cross compiling
configure:3801: icc -o conftest -g -O2 -fdebug-prefix-map=/home/richard/debs/misc/libxml2/libxml2=. -fstack-protector-strong -Wformat -Werror=format-security -march=native -pipe -Wall -O3 -Wdate-time -D_FORTIFY_SOURCE=2 -Wl,-z,relro -Wl,-z,now -Wl,--as-needed,--gc-sections,--print-gc-sections,--print-memory-usage,--stats -Wl,--as-needed conftest.c  >&5
ld: removing unused section '.rodata.cst4' in file '/usr/lib/gcc/x86_64-linux-gnu/8/../../../x86_64-linux-gnu/Scrt1.o'
ld: removing unused section '.data' in file '/usr/lib/gcc/x86_64-linux-gnu/8/../../../x86_64-linux-gnu/Scrt1.o'
Memory region         Used Size  Region Size  %age Used
ld: total time in link: 0.124910
configure:3805: $? = 0
configure:3812: ./conftest
configure:3816: $? = 0
configure:3831: result: no
configure:3836: checking for suffix of object files
configure:3883: result: o
configure:3887: checking whether we are using the GNU C compiler
configure:3915: result: yes
configure:3924: checking whether icc accepts -g
configure:3985: result: yes
configure:4002: checking for icc option to accept ISO C89
configure:4078: result: none needed
configure:4103: checking whether icc understands -c and -o together
configure:4140: result: yes
configure:4160: checking whether make supports the include directive
configure:4175: make -f confmf.GNU && cat confinc.out
make[2]: Entering directory '/home/richard/debs/misc/libxml2/libxml2/builddir/python3.7-dbg'
make[2]: Leaving directory '/home/richard/debs/misc/libxml2/libxml2/builddir/python3.7-dbg'
this is the am__doit target
configure:4178: $? = 0
configure:4197: result: yes (GNU style)
configure:4222: checking dependency style of icc
configure:4333: result: none
configure:4349: checking whether ln -s works
configure:4353: result: yes
configure:4366: checking how to run the C preprocessor
configure:4436: result: icc -E
configure:4456: icc -E -Wdate-time -D_FORTIFY_SOURCE=2 conftest.c
configure:4456: $? = 0
configure:4470: icc -E -Wdate-time -D_FORTIFY_SOURCE=2 conftest.c
conftest.c(11): error #2379: cannot open source file "ac_nonexistent.h"
  #include <ac_nonexistent.h>
                             ^

configure:4470: $? = 2
configure: failed program was:
| /* confdefs.h */
| #define PACKAGE_NAME ""
| #define PACKAGE_TARNAME ""
| #define PACKAGE_VERSION ""
| #define PACKAGE_STRING ""
| #define PACKAGE_BUGREPORT ""
| #define PACKAGE_URL ""
| #define PACKAGE "libxml2"
| #define VERSION "2.9.4"
| /* end confdefs.h.  */
| #include <ac_nonexistent.h>
configure:4500: checking for mv
configure:4531: result: /bin/mv
configure:4541: checking for tar
configure:4572: result: /bin/tar
configure:4582: checking for perl
configure:4613: result: /usr/bin/perl
configure:4623: checking for wget
configure:4654: result: /usr/bin/wget
configure:4664: checking for xmllint
configure:4695: result: /usr/bin/xmllint
configure:4705: checking for xsltproc
configure:4736: result: /usr/bin/xsltproc
configure:4798: checking for pkg-config
configure:4828: result: /usr/bin/pkg-config
configure:4853: checking pkg-config is at least version 0.9.0
configure:4856: result: yes
configure:4911: checking how to print strings
configure:4938: result: printf
configure:4959: checking for a sed that does not truncate output
configure:5023: result: /bin/sed
configure:5041: checking for grep that handles long lines and -e
configure:5099: result: /bin/grep
configure:5104: checking for egrep
configure:5166: result: /bin/grep -E
configure:5171: checking for fgrep
configure:5233: result: /bin/grep -F
configure:5268: checking for ld used by icc
configure:5335: result: xild
configure:5342: checking if the linker (xild) is GNU ld
configure:5357: result: yes
configure:5369: checking for BSD- or MS-compatible name lister (nm)
configure:5423: result: /usr/bin/nm -B
configure:5553: checking the name lister (/usr/bin/nm -B) interface
configure:5573: result: BSD nm
configure:5577: checking the maximum length of command line arguments
configure:5708: result: 1572864
configure:5756: checking how to convert x86_64-pc-linux-gnu file names to x86_64-pc-linux-gnu format
configure:5796: result: func_convert_file_noop
configure:5803: checking how to convert x86_64-pc-linux-gnu file names to toolchain format
configure:5823: result: func_convert_file_noop
configure:5830: checking for xild option to reload object files
configure:5837: result: -r
configure:5911: checking for objdump
configure:5938: result: objdump
configure:5970: checking how to recognize dependent libraries
configure:6170: result: pass_all
configure:6255: checking for dlltool
configure:6285: result: no
configure:6315: checking how to associate runtime and link libraries
configure:6342: result: printf %s\n
configure:6467: checking for archiver @FILE support
configure:6510: result: @
configure:6568: checking for strip
configure:6595: result: strip
configure:6667: checking for ranlib
configure:6694: result: ranlib
configure:6796: checking command to parse /usr/bin/nm -B output from icc object
configure:7063: result: ok
configure:7110: checking for sysroot
configure:7140: result: no
configure:7147: checking for a working dd
configure:7185: result: /bin/dd
configure:7189: checking how to truncate binary pipes
configure:7204: result: /bin/dd bs=4096 count=1
configure:7340: icc -c -g -O2 -fdebug-prefix-map=/home/richard/debs/misc/libxml2/libxml2=. -fstack-protector-strong -Wformat -Werror=format-security -march=native -pipe -Wall -O3 -Wdate-time -D_FORTIFY_SOURCE=2 conftest.c >&5
configure:7343: $? = 0
configure:7533: checking for mt
configure:7560: result: mt
configure:7583: checking if mt is a manifest tool
configure:7597: result: no
configure:8270: checking for ANSI C header files
configure:8374: result: yes
configure:8387: checking for sys/types.h
configure:8387: result: yes
configure:8387: checking for sys/stat.h
configure:8387: result: yes
configure:8387: checking for stdlib.h
configure:8387: result: yes
configure:8387: checking for string.h
configure:8387: result: yes
configure:8387: checking for memory.h
configure:8387: result: yes
configure:8387: checking for strings.h
configure:8387: result: yes
configure:8387: checking for inttypes.h
configure:8387: result: yes
configure:8387: checking for stdint.h
configure:8387: result: yes
configure:8387: checking for unistd.h
configure:8387: result: yes
configure:8401: checking for dlfcn.h
configure:8401: result: yes
configure:8657: checking for objdir
configure:8672: result: .libs
Memory region         Used Size  Region Size  %age Used
configure:8936: checking if icc supports -fno-rtti -fno-exceptions
configure:8971: result: yes
configure:9329: checking for icc option to produce PIC
configure:9336: result: -fPIC -DPIC
configure:9344: checking if icc PIC flag -fPIC -DPIC works
configure:9379: result: yes
configure:9408: checking if icc static flag -static works
configure:9436: result: no
configure:9451: checking if icc supports -c -o file.o
configure:9498: result: yes
configure:9506: checking if icc supports -c -o file.o
configure:9553: result: yes
configure:9586: checking whether the icc linker (xild -m elf_x86_64) supports shared libraries
configure:10849: result: yes
configure:10886: checking whether -lc should be explicitly linked in
configure:10929: result: no
configure:11089: checking dynamic linker characteristics
configure:11919: result: GNU/Linux ld.so
configure:12041: checking how to hardcode library paths into programs
configure:12066: result: immediate
configure:12614: checking whether stripping libraries is possible
configure:12619: result: yes
configure:12654: checking if libtool supports shared libraries
configure:12656: result: yes
configure:12659: checking whether to build shared libraries
configure:12684: result: yes
configure:12687: checking whether to build static libraries
configure:12691: result: yes
configure:13212: checking for Z
configure:13219: $PKG_CONFIG --exists --print-errors "zlib"
configure:13222: $? = 0
configure:13236: $PKG_CONFIG --exists --print-errors "zlib"
configure:13239: $? = 0
configure:13277: result: yes
configure:13353: checking for zlib.h
configure:13353: result: yes
configure:13389: checking for LZMA
configure:13396: $PKG_CONFIG --exists --print-errors "liblzma"
configure:13399: $? = 0
configure:13413: $PKG_CONFIG --exists --print-errors "liblzma"
configure:13416: $? = 0
configure:13454: result: yes
configure:13528: checking for lzma.h
configure:13528: result: yes
configure:13561: checking for dirent.h that defines DIR
configure:13588: result: yes
configure:13601: checking for library containing opendir
configure:13649: result: none required
configure:13716: checking for ANSI C header files
configure:13820: result: yes
configure:13830: checking for fcntl.h
configure:13830: result: yes
configure:13842: checking for unistd.h
configure:13842: result: yes
configure:13854: checking for ctype.h
configure:13854: result: yes
configure:13866: checking for dirent.h
configure:13866: result: yes
configure:13878: checking for errno.h
configure:13878: result: yes
configure:13890: checking for malloc.h
configure:13890: result: yes
configure:13902: checking for stdarg.h
configure:13902: result: yes
configure:13914: checking for sys/stat.h
configure:13914: result: yes
configure:13926: checking for sys/types.h
configure:13926: result: yes
configure:13938: checking for stdint.h
configure:13938: result: yes
configure:13950: checking for inttypes.h
configure:13950: result: yes
configure:13962: checking for time.h
configure:13962: result: yes
configure:13974: checking for ansidecl.h
configure:13974: result: no
configure:13986: checking for ieeefp.h
configure:13986: result: no
configure:13998: checking for nan.h
configure:13998: result: no
configure:14010: checking for math.h
configure:14010: result: yes
configure:14022: checking for limits.h
configure:14022: result: yes
configure:14034: checking for fp_class.h
configure:14034: result: no
configure:14046: checking for float.h
configure:14046: result: yes
configure:14058: checking for stdlib.h
configure:14058: result: yes
configure:14070: checking for sys/socket.h
configure:14070: result: yes
configure:14086: checking for netinet/in.h
configure:14086: result: yes
configure:14102: checking for arpa/inet.h
configure:14102: result: yes
configure:14121: checking for netdb.h
configure:14121: result: yes
configure:14133: checking for sys/time.h
configure:14133: result: yes
configure:14145: checking for sys/select.h
configure:14145: result: yes
configure:14157: checking for poll.h
configure:14157: result: yes
configure:14169: checking for sys/mman.h
configure:14169: result: yes
configure:14181: checking for sys/timeb.h
configure:14181: result: yes
configure:14193: checking for signal.h
configure:14193: result: yes
configure:14205: checking for arpa/nameser.h
configure:14205: result: yes
configure:14221: checking for resolv.h
configure:14221: result: yes
configure:14243: checking for dl.h
configure:14243: result: no
configure:14255: checking for dlfcn.h
configure:14255: result: yes
configure:14269: checking for uint32_t
configure:14269: result: yes
configure:14289: checking for strftime
configure:14289: result: yes
configure:14345: checking for strdup
configure:14345: result: yes
configure:14345: checking for strndup
configure:14345: result: yes
configure:14345: checking for strerror
configure:14345: result: yes
configure:14357: checking for finite
configure:14357: result: yes
configure:14357: checking for isnand
configure:14357: result: yes
configure:14357: checking for fp_class
configure:14357: result: no
configure:14357: checking for class
configure:14357: result: no
configure:14357: checking for fpclass
configure:14357: result: no
configure:14369: checking for strftime
configure:14369: result: yes
configure:14369: checking for localtime
configure:14369: result: yes
configure:14369: checking for gettimeofday
configure:14369: result: yes
configure:14369: checking for ftime
configure:14369: result: yes
configure:14381: checking for stat
configure:14381: result: yes
configure:14381: checking for _stat
configure:14381: result: no
configure:14381: checking for signal
configure:14381: result: yes
configure:14393: checking for rand
configure:14393: result: yes
configure:14393: checking for rand_r
configure:14393: result: yes
configure:14393: checking for srand
configure:14393: result: yes
configure:14393: checking for time
configure:14393: result: yes
configure:14405: checking for isascii
configure:14405: result: yes
configure:14405: checking for mmap
configure:14405: result: yes
configure:14405: checking for munmap
configure:14405: result: yes
configure:14405: checking for putenv
configure:14405: result: yes
configure:14417: checking for va_copy
configure:14431: icc -o conftest -g -O2 -fdebug-prefix-map=/home/richard/debs/misc/libxml2/libxml2=. -fstack-protector-strong -Wformat -Werror=format-security -march=native -pipe -Wall -O3 -Wdate-time -D_FORTIFY_SOURCE=2 -Wl,-z,relro -Wl,-z,now -Wl,--as-needed,--gc-sections,--print-gc-sections,--print-memory-usage,--stats -Wl,--as-needed conftest.c  >&5
Memory region         Used Size  Region Size  %age Used
ld: removing unused section '.rodata.cst4' in file '/usr/lib/gcc/x86_64-linux-gnu/8/../../../x86_64-linux-gnu/Scrt1.o'
ld: removing unused section '.data' in file '/usr/lib/gcc/x86_64-linux-gnu/8/../../../x86_64-linux-gnu/Scrt1.o'
ld: total time in link: 0.125238
configure:14431: $? = 0
configure:14438: result: yes
configure:14475: checking whether va_list is an array type
configure:14488: icc -c -g -O2 -fdebug-prefix-map=/home/richard/debs/misc/libxml2/libxml2=. -fstack-protector-strong -Wformat -Werror=format-security -march=native -pipe -Wall -O3 -Wdate-time -D_FORTIFY_SOURCE=2 conftest.c >&5
configure(14484): error: cast to type "va_list" is not allowed
  va_list ap1, ap2; a(&ap1); ap2 = (va_list) ap1
                                    ^

configure(14484): error: expression must be a modifiable lvalue
  va_list ap1, ap2; a(&ap1); ap2 = (va_list) ap1
                             ^

compilation aborted for conftest.c (code 2)
configure: failed program was:
#line 14478 "configure"
#include "confdefs.h"

#include <stdarg.h>
void a(va_list * ap) {}
int main(void) {

va_list ap1, ap2; a(&ap1); ap2 = (va_list) ap1
; return 0; }
configure:14498: result: yes
configure:14506: checking for library containing gethostent
configure:14554: result: none required
configure:14562: checking for library containing setsockopt
configure:14610: result: none required
configure:14618: checking for library containing connect
configure:14666: result: none required
configure:14675: checking for type of socket length (socklen_t)
configure:14689: icc -c -g -O2 -fdebug-prefix-map=/home/richard/debs/misc/libxml2/libxml2=. -fstack-protector-strong -Wformat -Werror=format-security -march=native -pipe -Wall -O3 -Wdate-time -D_FORTIFY_SOURCE=2 conftest.c >&5
configure:14692: result: socklen_t *
configure:14761: checking for const gethostbyname() argument
configure:14774: icc -o conftest -g -O2 -fdebug-prefix-map=/home/richard/debs/misc/libxml2/libxml2=. -fstack-protector-strong -Wformat -Werror=format-security -march=native -pipe -Wall -O3 -Wdate-time -D_FORTIFY_SOURCE=2 -Wl,-z,relro -Wl,-z,now -Wl,--as-needed,--gc-sections,--print-gc-sections,--print-memory-usage,--stats -Wl,--as-needed conftest.c  >&5
Memory region         Used Size  Region Size  %age Used
ld: removing unused section '.rodata.cst4' in file '/usr/lib/gcc/x86_64-linux-gnu/8/../../../x86_64-linux-gnu/Scrt1.o'
ld: removing unused section '.data' in file '/usr/lib/gcc/x86_64-linux-gnu/8/../../../x86_64-linux-gnu/Scrt1.o'
ld: total time in link: 0.125416
configure:14774: $? = 0
configure:14781: result: yes
configure:14793: checking for const send() second argument
configure:14807: icc -o conftest -g -O2 -fdebug-prefix-map=/home/richard/debs/misc/libxml2/libxml2=. -fstack-protector-strong -Wformat -Werror=format-security -march=native -pipe -Wall -O3 -Wdate-time -D_FORTIFY_SOURCE=2 -Wl,-z,relro -Wl,-z,now -Wl,--as-needed,--gc-sections,--print-gc-sections,--print-memory-usage,--stats -Wl,--as-needed conftest.c  >&5
Memory region         Used Size  Region Size  %age Used
ld: removing unused section '.rodata.cst4' in file '/usr/lib/gcc/x86_64-linux-gnu/8/../../../x86_64-linux-gnu/Scrt1.o'
ld: removing unused section '.data' in file '/usr/lib/gcc/x86_64-linux-gnu/8/../../../x86_64-linux-gnu/Scrt1.o'
ld: total time in link: 0.125221
configure:14807: $? = 0
configure:14814: result: yes
configure:14827: checking whether to enable IPv6
configure:14859: icc -c -g -O2 -fdebug-prefix-map=/home/richard/debs/misc/libxml2/libxml2=. -fstack-protector-strong -Wformat -Werror=format-security -march=native -pipe -Wall -O3 -Wdate-time -D_FORTIFY_SOURCE=2 conftest.c >&5
configure:14859: $? = 0
configure:14866: result: yes
configure:14875: checking struct sockaddr::ss_family
configure:14894: icc -c -g -O2 -fdebug-prefix-map=/home/richard/debs/misc/libxml2/libxml2=. -fstack-protector-strong -Wformat -Werror=format-security -march=native -pipe -Wall -O3 -Wdate-time -D_FORTIFY_SOURCE=2 conftest.c >&5
configure:14894: $? = 0
configure:14901: result: yes
configure:14946: checking for getaddrinfo
configure:14946: result: yes
configure:15007: checking for isnan
configure:15007: result: yes
configure:15058: checking for isinf
configure:15058: result: yes
configure:15375: checking for shl_load
configure:15375: result: no
configure:15380: checking for shl_load in -ldld
configure:15414: result: no
configure:15422: checking for dlopen
configure:15422: result: yes
configure:15580: checking for pthread.h
configure:15580: result: yes
configure:15582: checking for pthread_join in -lpthread
configure:15616: result: yes
configure:15694: checking for tputs in -lncurses
configure:15729: result: yes
configure:15738: checking for readline/history.h
configure:15738: result: yes
configure:15740: checking for append_history in -lhistory
configure:15774: result: yes
configure:15787: checking for readline/readline.h
configure:15787: result: yes
configure:15789: checking for readline in -lreadline
configure:15823: result: yes
configure:16126: checking for iconv.h
configure:16126: result: yes
configure:16128: checking for iconv
configure:16144: icc -o conftest -g -O2 -fdebug-prefix-map=/home/richard/debs/misc/libxml2/libxml2=. -fstack-protector-strong -Wformat -Werror=format-security -march=native -pipe -Wall -O3 -pedantic -W -Wformat -Wno-format-extra-args -Wunused -Wimplicit -Wreturn-type -Wswitch -Wcomment -Wtrigraphs -Wchar-subscripts -Wuninitialized -Wparentheses -Wshadow -Wpointer-arith -Wcast-align -Wwrite-strings -Waggregate-return -Wstrict-prototypes -Wmissing-prototypes -Wnested-externs -Winline -Wredundant-decls -Wno-long-long -Wdate-time -D_FORTIFY_SOURCE=2 -Wl,-z,relro -Wl,-z,now -Wl,--as-needed,--gc-sections,--print-gc-sections,--print-memory-usage,--stats -Wl,--as-needed conftest.c  >&5
Memory region         Used Size  Region Size  %age Used
conftest.c(95): warning #2959: function prototype is missing the argument types
  main ()
  ^

ld: removing unused section '.rodata.cst4' in file '/usr/lib/gcc/x86_64-linux-gnu/8/../../../x86_64-linux-gnu/Scrt1.o'
ld: removing unused section '.data' in file '/usr/lib/gcc/x86_64-linux-gnu/8/../../../x86_64-linux-gnu/Scrt1.o'
ld: total time in link: 0.124879
configure:16144: $? = 0
configure:16146: result: yes
configure:16200: checking for iconv declaration
configure:16239: result: 
	extern size_t iconv (iconv_t cd,  char * *inbuf, size_t *inbytesleft, char * *outbuf, size_t *outbytesleft);
configure:16543: checking for printf
configure:16543: result: yes
configure:16543: checking for sprintf
configure:16543: result: yes
configure:16543: checking for fprintf
configure:16543: result: yes
configure:16543: checking for snprintf
configure:16543: result: yes
configure:16543: checking for vfprintf
configure:16543: result: yes
configure:16543: checking for vsprintf
configure:16543: result: yes
configure:16543: checking for vsnprintf
configure:16543: result: yes
configure:16543: checking for sscanf
configure:16543: result: yes
configure:16713: checking that generated files are newer than configure
configure:16719: result: done
configure:16766: creating ./config.status

## ---------------------- ##
## Running config.status. ##
## ---------------------- ##

This file was extended by config.status, which was
generated by GNU Autoconf 2.69.  Invocation command line was

  CONFIG_FILES    = 
  CONFIG_HEADERS  = 
  CONFIG_LINKS    = 
  CONFIG_COMMANDS = 
  $ ./config.status 

on server

config.status:1313: creating libxml2.spec
config.status:1313: creating Makefile
config.status:1313: creating include/Makefile
config.status:1313: creating include/libxml/Makefile
config.status:1313: creating doc/Makefile
config.status:1313: creating doc/examples/Makefile
config.status:1313: creating doc/devhelp/Makefile
config.status:1313: creating example/Makefile
config.status:1313: creating python/Makefile
config.status:1313: creating python/tests/Makefile
config.status:1313: creating xstc/Makefile
config.status:1313: creating include/libxml/xmlversion.h
config.status:1313: creating libxml-2.0.pc
config.status:1313: creating libxml-2.0-uninstalled.pc
config.status:1313: creating libxml2-config.cmake
config.status:1313: creating python/setup.py
config.status:1313: creating xml2-config
config.status:1313: creating config.h
config.status:1527: executing depfiles commands
config.status:1527: executing libtool commands

## ---------------- ##
## Cache variables. ##
## ---------------- ##

ac_cv_build=x86_64-pc-linux-gnu
ac_cv_c_compiler_gnu=yes
ac_cv_c_uint32_t=yes
ac_cv_env_CC_set=set
ac_cv_env_CC_value=icc
ac_cv_env_CFLAGS_set=set
ac_cv_env_CFLAGS_value='-g -O2 -fdebug-prefix-map=/home/richard/debs/misc/libxml2/libxml2=. -fstack-protector-strong -Wformat -Werror=format-security -march=native -pipe -Wall -O3'
ac_cv_env_CPPFLAGS_set=set
ac_cv_env_CPPFLAGS_value='-Wdate-time -D_FORTIFY_SOURCE=2'
ac_cv_env_CPP_set=
ac_cv_env_CPP_value=
ac_cv_env_ICU_CFLAGS_set=
ac_cv_env_ICU_CFLAGS_value=
ac_cv_env_ICU_LIBS_set=
ac_cv_env_ICU_LIBS_value=
ac_cv_env_LDFLAGS_set=set
ac_cv_env_LDFLAGS_value='-Wl,-z,relro -Wl,-z,now -Wl,--as-needed,--gc-sections,--print-gc-sections,--print-memory-usage,--stats -Wl,--as-needed'
ac_cv_env_LIBS_set=
ac_cv_env_LIBS_value=
ac_cv_env_LT_SYS_LIBRARY_PATH_set=
ac_cv_env_LT_SYS_LIBRARY_PATH_value=
ac_cv_env_LZMA_CFLAGS_set=
ac_cv_env_LZMA_CFLAGS_value=
ac_cv_env_LZMA_LIBS_set=
ac_cv_env_LZMA_LIBS_value=
ac_cv_env_PKG_CONFIG_LIBDIR_set=
ac_cv_env_PKG_CONFIG_LIBDIR_value=
ac_cv_env_PKG_CONFIG_PATH_set=
ac_cv_env_PKG_CONFIG_PATH_value=
ac_cv_env_PKG_CONFIG_set=
ac_cv_env_PKG_CONFIG_value=
ac_cv_env_Z_CFLAGS_set=
ac_cv_env_Z_CFLAGS_value=
ac_cv_env_Z_LIBS_set=
ac_cv_env_Z_LIBS_value=
ac_cv_env_build_alias_set=set
ac_cv_env_build_alias_value=x86_64-linux-gnu
ac_cv_env_host_alias_set=
ac_cv_env_host_alias_value=
ac_cv_env_target_alias_set=
ac_cv_env_target_alias_value=
ac_cv_func__stat=no
ac_cv_func_class=no
ac_cv_func_dlopen=yes
ac_cv_func_finite=yes
ac_cv_func_fp_class=no
ac_cv_func_fpclass=no
ac_cv_func_fprintf=yes
ac_cv_func_ftime=yes
ac_cv_func_getaddrinfo=yes
ac_cv_func_gettimeofday=yes
ac_cv_func_isascii=yes
ac_cv_func_isinf=yes
ac_cv_func_isnan=yes
ac_cv_func_isnand=yes
ac_cv_func_localtime=yes
ac_cv_func_mmap=yes
ac_cv_func_munmap=yes
ac_cv_func_printf=yes
ac_cv_func_putenv=yes
ac_cv_func_rand=yes
ac_cv_func_rand_r=yes
ac_cv_func_shl_load=no
ac_cv_func_signal=yes
ac_cv_func_snprintf=yes
ac_cv_func_sprintf=yes
ac_cv_func_srand=yes
ac_cv_func_sscanf=yes
ac_cv_func_stat=yes
ac_cv_func_strdup=yes
ac_cv_func_strerror=yes
ac_cv_func_strftime=yes
ac_cv_func_strndup=yes
ac_cv_func_time=yes
ac_cv_func_vfprintf=yes
ac_cv_func_vsnprintf=yes
ac_cv_func_vsprintf=yes
ac_cv_header_ansidecl_h=no
ac_cv_header_arpa_inet_h=yes
ac_cv_header_arpa_nameser_h=yes
ac_cv_header_ctype_h=yes
ac_cv_header_dirent_dirent_h=yes
ac_cv_header_dirent_h=yes
ac_cv_header_dl_h=no
ac_cv_header_dlfcn_h=yes
ac_cv_header_errno_h=yes
ac_cv_header_fcntl_h=yes
ac_cv_header_float_h=yes
ac_cv_header_fp_class_h=no
ac_cv_header_iconv_h=yes
ac_cv_header_ieeefp_h=no
ac_cv_header_inttypes_h=yes
ac_cv_header_limits_h=yes
ac_cv_header_lzma_h=yes
ac_cv_header_malloc_h=yes
ac_cv_header_math_h=yes
ac_cv_header_memory_h=yes
ac_cv_header_nan_h=no
ac_cv_header_netdb_h=yes
ac_cv_header_netinet_in_h=yes
ac_cv_header_poll_h=yes
ac_cv_header_pthread_h=yes
ac_cv_header_readline_history_h=yes
ac_cv_header_readline_readline_h=yes
ac_cv_header_resolv_h=yes
ac_cv_header_signal_h=yes
ac_cv_header_stdarg_h=yes
ac_cv_header_stdc=yes
ac_cv_header_stdint_h=yes
ac_cv_header_stdlib_h=yes
ac_cv_header_string_h=yes
ac_cv_header_strings_h=yes
ac_cv_header_sys_mman_h=yes
ac_cv_header_sys_select_h=yes
ac_cv_header_sys_socket_h=yes
ac_cv_header_sys_stat_h=yes
ac_cv_header_sys_time_h=yes
ac_cv_header_sys_timeb_h=yes
ac_cv_header_sys_types_h=yes
ac_cv_header_time_h=yes
ac_cv_header_unistd_h=yes
ac_cv_header_zlib_h=yes
ac_cv_host=x86_64-pc-linux-gnu
ac_cv_lib_dld_shl_load=no
ac_cv_lib_history_append_history=yes
ac_cv_lib_ncurses___tputs=yes
ac_cv_lib_pthread_pthread_join=yes
ac_cv_lib_readline_readline=yes
ac_cv_objext=o
ac_cv_path_EGREP='/bin/grep -E'
ac_cv_path_FGREP='/bin/grep -F'
ac_cv_path_GREP=/bin/grep
ac_cv_path_MV=/bin/mv
ac_cv_path_PERL=/usr/bin/perl
ac_cv_path_SED=/bin/sed
ac_cv_path_TAR=/bin/tar
ac_cv_path_WGET=/usr/bin/wget
ac_cv_path_XMLLINT=/usr/bin/xmllint
ac_cv_path_XSLTPROC=/usr/bin/xsltproc
ac_cv_path_ac_pt_PKG_CONFIG=/usr/bin/pkg-config
ac_cv_path_install='/usr/bin/install -c'
ac_cv_path_lt_DD=/bin/dd
ac_cv_path_mkdir=/bin/mkdir
ac_cv_prog_AWK=mawk
ac_cv_prog_CPP='icc -E'
ac_cv_prog_ac_ct_CC=icc
ac_cv_prog_ac_ct_MANIFEST_TOOL=mt
ac_cv_prog_ac_ct_OBJDUMP=objdump
ac_cv_prog_ac_ct_RANLIB=ranlib
ac_cv_prog_ac_ct_STRIP=strip
ac_cv_prog_cc_c89=
ac_cv_prog_cc_g=yes
ac_cv_prog_make_make_set=yes
ac_cv_search_connect='none required'
ac_cv_search_gethostent='none required'
ac_cv_search_opendir='none required'
ac_cv_search_setsockopt='none required'
am_cv_CC_dependencies_compiler_type=none
am_cv_make_support_nested_variables=yes
am_cv_prog_cc_c_o=yes
lt_cv_ar_at_file=@
lt_cv_archive_cmds_need_lc=no
lt_cv_deplibs_check_method=pass_all
lt_cv_file_magic_cmd='$MAGIC_CMD'
lt_cv_file_magic_test_file=
lt_cv_ld_reload_flag=-r
lt_cv_nm_interface='BSD nm'
lt_cv_objdir=.libs
lt_cv_path_LD=xild
lt_cv_path_NM='/usr/bin/nm -B'
lt_cv_path_mainfest_tool=no
lt_cv_prog_compiler_c_o=yes
lt_cv_prog_compiler_pic='-fPIC -DPIC'
lt_cv_prog_compiler_pic_works=yes
lt_cv_prog_compiler_rtti_exceptions=yes
lt_cv_prog_compiler_static_works=no
lt_cv_prog_gnu_ld=yes
lt_cv_sharedlib_from_linklib_cmd='printf %s\n'
lt_cv_shlibpath_overrides_runpath=yes
lt_cv_sys_global_symbol_pipe='sed -n -e '\''s/^.*[	 ]\([ABCDGIRSTW][ABCDGIRSTW]*\)[	 ][	 ]*\([_A-Za-z][_A-Za-z0-9]*\)$/\1 \2 \2/p'\'' | sed '\''/ __gnu_lto/d'\'''
lt_cv_sys_global_symbol_to_c_name_address='sed -n -e '\''s/^: \(.*\) .*$/  {"\1", (void *) 0},/p'\'' -e '\''s/^[ABCDGIRSTW][ABCDGIRSTW]* .* \(.*\)$/  {"\1", (void *) \&\1},/p'\'''
lt_cv_sys_global_symbol_to_c_name_address_lib_prefix='sed -n -e '\''s/^: \(.*\) .*$/  {"\1", (void *) 0},/p'\'' -e '\''s/^[ABCDGIRSTW][ABCDGIRSTW]* .* \(lib.*\)$/  {"\1", (void *) \&\1},/p'\'' -e '\''s/^[ABCDGIRSTW][ABCDGIRSTW]* .* \(.*\)$/  {"lib\1", (void *) \&\1},/p'\'''
lt_cv_sys_global_symbol_to_cdecl='sed -n -e '\''s/^T .* \(.*\)$/extern int \1();/p'\'' -e '\''s/^[ABCDGIRSTW][ABCDGIRSTW]* .* \(.*\)$/extern char \1;/p'\'''
lt_cv_sys_global_symbol_to_import=
lt_cv_sys_max_cmd_len=1572864
lt_cv_to_host_file_cmd=func_convert_file_noop
lt_cv_to_tool_file_cmd=func_convert_file_noop
lt_cv_truncate_bin='/bin/dd bs=4096 count=1'
pkg_cv_ICU_CFLAGS=
pkg_cv_ICU_LIBS='-licui18n -licuuc -licudata'
pkg_cv_LZMA_CFLAGS=
pkg_cv_LZMA_LIBS=-llzma
pkg_cv_Z_CFLAGS=
pkg_cv_Z_LIBS=-lz
xml_cv_iconv_arg2=
xml_cv_iconv_decl='extern size_t iconv (iconv_t cd,  char * *inbuf, size_t *inbytesleft, char * *outbuf, size_t *outbytesleft);'

## ----------------- ##
## Output variables. ##
## ----------------- ##

ACLOCAL='${SHELL} /home/richard/debs/misc/libxml2/libxml2/missing aclocal-1.16'
AMDEPBACKSLASH=''
AMDEP_FALSE=''
AMDEP_TRUE='#'
AMTAR='$${TAR-tar}'
AM_BACKSLASH='\'
AM_DEFAULT_V='$(AM_DEFAULT_VERBOSITY)'
AM_DEFAULT_VERBOSITY='1'
AM_V='$(V)'
AR='xiar'
AUTOCONF='${SHELL} /home/richard/debs/misc/libxml2/libxml2/missing autoconf'
AUTOHEADER='${SHELL} /home/richard/debs/misc/libxml2/libxml2/missing autoheader'
AUTOMAKE='${SHELL} /home/richard/debs/misc/libxml2/libxml2/missing automake-1.16'
AWK='mawk'
BASE_THREAD_LIBS='-lpthread'
C14N_OBJ='c14n.c'
CATALOG_OBJ='catalog.o'
CC='icc'
CCDEPMODE='depmode=none'
CFLAGS='-g -O2 -fdebug-prefix-map=/home/richard/debs/misc/libxml2/libxml2=. -fstack-protector-strong -Wformat -Werror=format-security -march=native -pipe -Wall -O3 -pedantic -W -Wformat -Wno-format-extra-args -Wunused -Wimplicit -Wreturn-type -Wswitch -Wcomment -Wtrigraphs -Wchar-subscripts -Wuninitialized -Wparentheses -Wshadow -Wpointer-arith -Wcast-align -Wwrite-strings -Waggregate-return -Wstrict-prototypes -Wmissing-prototypes -Wnested-externs -Winline -Wredundant-decls -Wno-long-long'
CPP='icc -E'
CPPFLAGS='-Wdate-time -D_FORTIFY_SOURCE=2'
CYGPATH_W='echo'
CYGWIN_EXTRA_LDFLAGS=''
CYGWIN_EXTRA_PYTHON_LIBADD=''
DEBUG_OBJ='debugXML.o'
DEFS='-DHAVE_CONFIG_H'
DEPDIR='.deps'
DLLTOOL='false'
DOCB_OBJ='DOCBparser.o'
DSYMUTIL=''
DUMPBIN=''
ECHO_C=''
ECHO_N='-n'
ECHO_T=''
EGREP='/bin/grep -E'
EXEEXT=''
FGREP='/bin/grep -F'
FTP_OBJ='nanoftp.o'
GREP='/bin/grep'
HAVE_ISINF=''
HAVE_ISNAN=''
HTML_DIR='$(datadir)/doc/$(PACKAGE)-$(VERSION)/html'
HTML_OBJ='HTMLparser.o HTMLtree.o'
HTTP_OBJ='nanohttp.o'
ICONV_LIBS=''
ICU_CFLAGS=''
ICU_LIBS=''
INSTALL_DATA='${INSTALL} -m 644'
INSTALL_PROGRAM='${INSTALL}'
INSTALL_SCRIPT='${INSTALL}'
INSTALL_STRIP_PROGRAM='$(install_sh) -c -s'
LD='xild -m elf_x86_64'
LDFLAGS='-Wl,-z,relro -Wl,-z,now -Wl,--as-needed,--gc-sections,--print-gc-sections,--print-memory-usage,--stats -Wl,--as-needed'
LIBOBJS=''
LIBS=''
LIBTOOL='$(SHELL) $(top_builddir)/libtool'
LIBXML_MAJOR_VERSION='2'
LIBXML_MICRO_VERSION='4'
LIBXML_MINOR_VERSION='9'
LIBXML_VERSION='2.9.4'
LIBXML_VERSION_EXTRA=''
LIBXML_VERSION_INFO='11:4:9'
LIBXML_VERSION_NUMBER='20904'
LIPO=''
LN_S='ln -s'
LTLIBOBJS=''
LT_SYS_LIBRARY_PATH=''
LZMA_CFLAGS=''
LZMA_LIBS='-llzma'
MAINT='#'
MAINTAINER_MODE_FALSE=''
MAINTAINER_MODE_TRUE='#'
MAKEINFO='${SHELL} /home/richard/debs/misc/libxml2/libxml2/missing makeinfo'
MANIFEST_TOOL=':'
MKDIR_P='/bin/mkdir -p'
MODULE_EXTENSION='.so'
MODULE_PLATFORM_LIBS=''
MV='/bin/mv'
M_LIBS='-lm'
NM='/usr/bin/nm -B'
NMEDIT=''
OBJDUMP='objdump'
OBJEXT='o'
OTOOL64=''
OTOOL=''
PACKAGE='libxml2'
PACKAGE_BUGREPORT=''
PACKAGE_NAME=''
PACKAGE_STRING=''
PACKAGE_TARNAME=''
PACKAGE_URL=''
PACKAGE_VERSION=''
PATH_SEPARATOR=':'
PERL='/usr/bin/perl'
PKG_CONFIG='/usr/bin/pkg-config'
PKG_CONFIG_LIBDIR=''
PKG_CONFIG_PATH=''
PYTHON='/usr/bin/python3.7'
PYTHON_INCLUDES='/usr/include/python3.7m'
PYTHON_LIBS='-L/usr/lib/python3.7/config-3.7m-x86_64-linux-gnu -L/usr/lib -lpython3.7m -lpthread -ldl  -lutil -lm  -Xlinker -export-dynamic -Wl,-O1 -Wl,-Bsymbolic-functions'
PYTHON_SITE_PACKAGES='/usr/lib/python3.7/dist-packages'
PYTHON_SUBDIR='python'
PYTHON_TESTS=' RelaxNGPythonTests SchemasPythonTests'
PYTHON_VERSION='3.7'
RANLIB='ranlib'
RDL_LIBS='-lreadline -lhistory -lncurses'
READER_TEST='Readertests'
REBUILD_DOCS_FALSE=''
REBUILD_DOCS_TRUE='#'
RELDATE='Mon Dec  3 2018'
SED='/bin/sed'
SET_MAKE=''
SHELL='/bin/bash'
STATIC_BINARIES=''
STRIP='strip'
TAR='/bin/tar'
TEST_C14N='C14Ntests'
TEST_CATALOG='Catatests'
TEST_DEBUG='Scripttests'
TEST_HTML='HTMLtests'
TEST_MODULES='ModuleTests'
TEST_PATTERN='Patterntests'
TEST_PHTML='HTMLPushtests'
TEST_PUSH='XMLPushtests'
TEST_REGEXPS='Regexptests Automatatests'
TEST_SAX='SAXtests'
TEST_SCHEMAS='Schemastests Relaxtests'
TEST_SCHEMATRON='Schematrontests'
TEST_THREADS='Threadtests'
TEST_VALID='Validtests'
TEST_VTIME='VTimingtests'
TEST_XINCLUDE='XIncludetests'
TEST_XPATH='XPathtests'
TEST_XPTR='XPtrtests'
THREADS_W32_FALSE=''
THREADS_W32_TRUE='#'
THREAD_CFLAGS=' -D_REENTRANT'
THREAD_LIBS=''
USE_VERSION_SCRIPT_FALSE='#'
USE_VERSION_SCRIPT_TRUE=''
VERSION='2.9.4'
VERSION_SCRIPT_FLAGS='-Wl,--version-script='
WGET='/usr/bin/wget'
WIN32_EXTRA_LDFLAGS=''
WIN32_EXTRA_LIBADD=''
WIN32_EXTRA_PYTHON_LIBADD=''
WITH_C14N='1'
WITH_CATALOG='1'
WITH_DEBUG='1'
WITH_DOCB='1'
WITH_FTP='1'
WITH_HTML='1'
WITH_HTTP='1'
WITH_ICONV='1'
WITH_ICU='0'
WITH_ISO8859X='1'
WITH_LEGACY='1'
WITH_LZMA='1'
WITH_MEM_DEBUG='0'
WITH_MODULES='1'
WITH_OUTPUT='1'
WITH_PATTERN='1'
WITH_PUSH='1'
WITH_PYTHON_FALSE='#'
WITH_PYTHON_TRUE=''
WITH_READER='1'
WITH_REGEXPS='1'
WITH_RUN_DEBUG='0'
WITH_SAX1='1'
WITH_SAX1_SOURCES_FALSE=''
WITH_SAX1_SOURCES_TRUE='#'
WITH_SCHEMAS='1'
WITH_SCHEMATRON='1'
WITH_THREADS='1'
WITH_THREAD_ALLOC='0'
WITH_TREE='1'
WITH_TRIO='0'
WITH_TRIO_SOURCES_FALSE=''
WITH_TRIO_SOURCES_TRUE='#'
WITH_VALID='1'
WITH_WRITER='1'
WITH_XINCLUDE='1'
WITH_XPATH='1'
WITH_XPTR='1'
WITH_ZLIB='1'
XINCLUDE_OBJ='xinclude.o'
XMLLINT='/usr/bin/xmllint'
XML_CFLAGS=''
XML_INCLUDEDIR='-I${includedir}/libxml2'
XML_LIBDIR='-L${libdir}'
XML_LIBS='-lxml2'
XML_LIBTOOLLIBS='libxml2.la'
XPATH_OBJ='xpath.o'
XPTR_OBJ='xpointer.o'
XSLTPROC='/usr/bin/xsltproc'
Z_CFLAGS=''
Z_LIBS='-lz'
ac_ct_AR=''
ac_ct_CC='icc'
ac_ct_DUMPBIN=''
am__EXEEXT_FALSE=''
am__EXEEXT_TRUE='#'
am__fastdepCC_FALSE=''
am__fastdepCC_TRUE='#'
am__include='include'
am__isrc=' -I$(srcdir)'
am__leading_dot='.'
am__nodep=''
am__quote=''
am__tar='$${TAR-tar} chof - "$$tardir"'
am__untar='$${TAR-tar} xf -'
bindir='${exec_prefix}/bin'
build='x86_64-pc-linux-gnu'
build_alias='x86_64-linux-gnu'
build_cpu='x86_64'
build_os='linux-gnu'
build_vendor='pc'
datadir='${datarootdir}'
datarootdir='${prefix}/share'
docdir='${datarootdir}/doc/${PACKAGE}'
dvidir='${docdir}'
exec_prefix='${prefix}'
host='x86_64-pc-linux-gnu'
host_alias=''
host_cpu='x86_64'
host_os='linux-gnu'
host_vendor='pc'
htmldir='${docdir}'
includedir='${prefix}/include'
infodir='${prefix}/share/info'
install_sh='${SHELL} /home/richard/debs/misc/libxml2/libxml2/install-sh'
libdir='${prefix}/lib/x86_64-linux-gnu'
libexecdir='${prefix}/lib/x86_64-linux-gnu'
localedir='${datarootdir}/locale'
localstatedir='/var'
mandir='${prefix}/share/man'
mkdir_p='$(MKDIR_P)'
oldincludedir='/usr/include'
pdfdir='${docdir}'
prefix='/usr'
program_transform_name='s,x,x,'
psdir='${docdir}'
pythondir='$(PYTHON_SITE_PACKAGES)'
runstatedir='/run'
sbindir='${exec_prefix}/sbin'
sharedstatedir='${prefix}/com'
sysconfdir='/etc'
target_alias=''

## ----------- ##
## confdefs.h. ##
## ----------- ##

/* confdefs.h */
#define PACKAGE_NAME ""
#define PACKAGE_TARNAME ""
#define PACKAGE_VERSION ""
#define PACKAGE_STRING ""
#define PACKAGE_BUGREPORT ""
#define PACKAGE_URL ""
#define PACKAGE "libxml2"
#define VERSION "2.9.4"
#define STDC_HEADERS 1
#define HAVE_SYS_TYPES_H 1
#define HAVE_SYS_STAT_H 1
#define HAVE_STDLIB_H 1
#define HAVE_STRING_H 1
#define HAVE_MEMORY_H 1
#define HAVE_STRINGS_H 1
#define HAVE_INTTYPES_H 1
#define HAVE_STDINT_H 1
#define HAVE_UNISTD_H 1
#define HAVE_DLFCN_H 1
#define LT_OBJDIR ".libs/"
#define HAVE_ZLIB_H 1
#define HAVE_LIBZ 1
#define HAVE_LZMA_H 1
#define HAVE_LIBLZMA 1
#define HAVE_DIRENT_H 1
#define STDC_HEADERS 1
#define HAVE_FCNTL_H 1
#define HAVE_UNISTD_H 1
#define HAVE_CTYPE_H 1
#define HAVE_DIRENT_H 1
#define HAVE_ERRNO_H 1
#define HAVE_MALLOC_H 1
#define HAVE_STDARG_H 1
#define HAVE_SYS_STAT_H 1
#define HAVE_SYS_TYPES_H 1
#define HAVE_STDINT_H 1
#define HAVE_INTTYPES_H 1
#define HAVE_TIME_H 1
#define HAVE_MATH_H 1
#define HAVE_LIMITS_H 1
#define HAVE_FLOAT_H 1
#define HAVE_STDLIB_H 1
#define HAVE_SYS_SOCKET_H 1
#define HAVE_NETINET_IN_H 1
#define HAVE_ARPA_INET_H 1
#define HAVE_NETDB_H 1
#define HAVE_SYS_TIME_H 1
#define HAVE_SYS_SELECT_H 1
#define HAVE_POLL_H 1
#define HAVE_SYS_MMAN_H 1
#define HAVE_SYS_TIMEB_H 1
#define HAVE_SIGNAL_H 1
#define HAVE_ARPA_NAMESER_H 1
#define HAVE_RESOLV_H 1
#define HAVE_DLFCN_H 1
#define HAVE_STRFTIME 1
#define HAVE_STRDUP 1
#define HAVE_STRNDUP 1
#define HAVE_STRERROR 1
#define HAVE_FINITE 1
#define HAVE_ISNAND 1
#define HAVE_STRFTIME 1
#define HAVE_LOCALTIME 1
#define HAVE_GETTIMEOFDAY 1
#define HAVE_FTIME 1
#define HAVE_STAT 1
#define HAVE_SIGNAL 1
#define HAVE_RAND 1
#define HAVE_RAND_R 1
#define HAVE_SRAND 1
#define HAVE_TIME 1
#define HAVE_ISASCII 1
#define HAVE_MMAP 1
#define HAVE_MUNMAP 1
#define HAVE_PUTENV 1
#define HAVE_VA_COPY 1
#define VA_LIST_IS_ARRAY 1
#define XML_SOCKLEN_T socklen_t
#define GETHOSTBYNAME_ARG_CAST /**/
#define SEND_ARG2_CAST /**/
#define SUPPORT_IP6 /**/
#define HAVE_GETADDRINFO /**/
#define HAVE_ISNAN /**/
#define HAVE_ISINF /**/
#define HAVE_DLOPEN /**/
#define HAVE_LIBPTHREAD /**/
#define HAVE_PTHREAD_H /**/
#define HAVE_LIBHISTORY /**/
#define HAVE_LIBREADLINE /**/
#define ICONV_CONST 
#define HAVE_PRINTF 1
#define HAVE_SPRINTF 1
#define HAVE_FPRINTF 1
#define HAVE_SNPRINTF 1
#define HAVE_VFPRINTF 1
#define HAVE_VSPRINTF 1
#define HAVE_VSNPRINTF 1
#define HAVE_SSCANF 1

configure: exit 0
